{
  message: 'Listening on 3000, development environment',
  level: 'info',
  timestamp: '2024-03-20T19:14:40.852Z'
}
{
  message: 'Validation Error',
  err: { kind: 'UNPROCESSABLE_ENTITY', source: 'validations.method' },
  req: {
    path: 'POST /v1/credentials/login',
    body: {
      email: '@denemil.com',
      password: '0cea5e938d5c9db6053cb9d1ac6bcefa86ecc331a3d345832b94db1c9043fc27'
    }
  },
  level: 'warn',
  timestamp: '2024-03-20T19:25:46.567Z'
}
{
  message: 'Listening on 3000, development environment',
  level: 'info',
  timestamp: '2024-03-20T19:25:55.866Z'
}
{
  message: 'Validation Error',
  err: { kind: 'UNPROCESSABLE_ENTITY', source: 'validations.method' },
  req: {
    path: 'POST /v1/credentials/login',
    body: {
      email: '@denemil.com',
      password: '0cea5e938d5c9db6053cb9d1ac6bcefa86ecc331a3d345832b94db1c9043fc27'
    }
  },
  level: 'warn',
  timestamp: '2024-03-20T19:40:07.509Z'
}
{
  message: 'Validation Error',
  err: { kind: 'UNPROCESSABLE_ENTITY', source: 'validations.method' },
  req: {
    path: 'POST /v1/credentials/login',
    body: {
      email: '@denemil.com',
      password: '0cea5e938d5c9db6053cb9d1ac6bcefa86ecc331a3d345832b94db1c9043fc27'
    }
  },
  level: 'warn',
  timestamp: '2024-03-20T19:40:22.509Z'
}
{
  message: 'Listening on 3000, development environment',
  level: 'info',
  timestamp: '2024-03-20T19:40:33.262Z'
}
{
  message: 'Validation Error',
  err: { kind: 'UNPROCESSABLE_ENTITY', source: 'validations.method' },
  req: {
    path: 'POST /v1/credentials/login',
    body: {
      email: '@denemil.com',
      password: '0cea5e938d5c9db6053cb9d1ac6bcefa86ecc331a3d345832b94db1c9043fc27'
    }
  },
  level: 'warn',
  timestamp: '2024-03-20T19:40:35.452Z'
}
{
  message: 'Validation Error',
  err: { kind: 'UNPROCESSABLE_ENTITY', source: 'validations.method' },
  req: {
    path: 'POST /v1/credentials/login',
    body: {
      email: '@denemil.com',
      password: '0cea5e938d5c9db6053cb9d1ac6bcefa86ecc331a3d345832b94db1c9043fc27'
    }
  },
  level: 'warn',
  timestamp: '2024-03-20T19:40:45.803Z'
}
{
  message: 'Validation Error',
  err: { kind: 'UNPROCESSABLE_ENTITY', source: 'validations.method' },
  req: {
    path: 'POST /v1/credentials/login',
    body: {
      email: '@denemil.com',
      password: '0cea5e938d5c9db6053cb9d1ac6bcefa86ecc331a3d345832b94db1c9043fc27'
    }
  },
  level: 'warn',
  timestamp: '2024-03-20T19:41:08.187Z'
}
{
  message: 'Validation Error',
  err: { kind: 'UNPROCESSABLE_ENTITY', source: 'validations.method' },
  req: {
    path: 'POST /v1/credentials/login',
    body: {
      email: '@denemil.com',
      password: '0cea5e938d5c9db6053cb9d1ac6bcefa86ecc331a3d345832b94db1c9043fc27'
    }
  },
  level: 'warn',
  timestamp: '2024-03-20T19:41:32.187Z'
}
{
  message: 'Validation Error',
  err: { kind: 'UNPROCESSABLE_ENTITY', source: 'validations.method' },
  req: {
    path: 'POST /v1/credentials/login',
    body: {
      email: '@denemil.com',
      password: '0cea5e938d5c9db6053cb9d1ac6bcefa86ecc331a3d345832b94db1c9043fc27'
    }
  },
  level: 'warn',
  timestamp: '2024-03-20T19:41:56.659Z'
}
{
  message: 'Validation Error',
  err: { kind: 'UNPROCESSABLE_ENTITY', source: 'validations.method' },
  req: {
    path: 'POST /v1/credentials/login',
    body: {
      email: '@denemil.com',
      password: '0cea5e938d5c9db6053cb9d1ac6bcefa86ecc331a3d345832b94db1c9043fc27'
    }
  },
  level: 'warn',
  timestamp: '2024-03-20T19:42:00.111Z'
}
{
  message: 'Listening on 3000, development environment',
  level: 'info',
  timestamp: '2024-03-20T19:42:04.748Z'
}
{
  message: 'Listening on 3000, development environment',
  level: 'info',
  timestamp: '2024-03-20T19:43:26.580Z'
}
{
  message: 'Listening on 3000, development environment',
  level: 'info',
  timestamp: '2024-03-20T19:43:29.430Z'
}
{
  message: 'User not found!',
  err: { kind: 'NOT_FOUND', source: 'credentials.service.userGetByEmail' },
  req: {
    path: 'POST /v1/credentials/login',
    body: {
      email: '@denemil.com',
      password: '0cea5e938d5c9db6053cb9d1ac6bcefa86ecc331a3d345832b94db1c9043fc27'
    }
  },
  level: 'warn',
  timestamp: '2024-03-20T19:43:46.578Z'
}
{
  message: 'User not found!',
  err: { kind: 'NOT_FOUND', source: 'credentials.service.userGetByEmail' },
  req: {
    path: 'POST /v1/credentials/login',
    body: {
      email: '@denemil.com',
      password: '0cea5e938d5c9db6053cb9d1ac6bcefa86ecc331a3d345832b94db1c9043fc27'
    }
  },
  level: 'warn',
  timestamp: '2024-03-20T19:44:07.690Z'
}
{
  message: 'Listening on 3000, development environment',
  level: 'info',
  timestamp: '2024-03-20T19:44:25.986Z'
}
{
  message: 'Listening on 3000, development environment',
  level: 'info',
  timestamp: '2024-03-20T19:44:54.994Z'
}
{
  message: 'User not found!',
  err: { kind: 'NOT_FOUND', source: 'credentials.service.userGetByEmail' },
  req: {
    path: 'POST /v1/credentials/login',
    body: {
      email: '@denemil.com',
      password: '0cea5e938d5c9db6053cb9d1ac6bcefa86ecc331a3d345832b94db1c9043fc27'
    }
  },
  level: 'warn',
  timestamp: '2024-03-20T19:45:23.896Z'
}
{
  message: 'User not found!',
  err: { kind: 'NOT_FOUND', source: 'credentials.service.userGetByEmail' },
  req: {
    path: 'POST /v1/credentials/login',
    body: {
      email: '@denemil.com',
      password: '0cea5e938d5c9db6053cb9d1ac6bcefa86ecc331a3d345832b94db1c9043fc27'
    }
  },
  level: 'warn',
  timestamp: '2024-03-20T19:46:16.775Z'
}
{
  message: 'Listening on 3000, development environment',
  level: 'info',
  timestamp: '2024-03-20T19:46:22.835Z'
}
{
  message: 'Listening on 3000, development environment',
  level: 'info',
  timestamp: '2024-03-20T19:46:30.456Z'
}
{
  message: 'ValidationError is not defined',
  err: {
    kind: 'UNAUTHORIZED',
    source: 'at C:\\Users\\malpy\\Desktop\\Yeni klasör\\NodeJS-API\\app\\middleware\\controller.middleware.js:15:46'
  },
  req: {
    path: 'POST /v1/credentials/login',
    body: {
      email: '@denemil.com',
      password: '0cea5e938d5c9db6053cb9d1ac6bcefa86ecc331a3d345832b94db1c9043fc27'
    }
  },
  level: 'warn',
  timestamp: '2024-03-20T19:46:33.551Z'
}
{
  message: 'ValidationError is not defined',
  err: {
    kind: 'UNAUTHORIZED',
    source: 'at C:\\Users\\malpy\\Desktop\\Yeni klasör\\NodeJS-API\\app\\middleware\\controller.middleware.js:15:46'
  },
  req: {
    path: 'POST /v1/credentials/login',
    body: {
      email: '@denemil.com',
      password: '0cea5e938d5c9db6053cb9d1ac6bcefa86ecc331a3d345832b94db1c9043fc27'
    }
  },
  level: 'warn',
  timestamp: '2024-03-20T19:47:18.188Z'
}
{
  message: 'Listening on 3000, development environment',
  level: 'info',
  timestamp: '2024-03-20T19:47:36.584Z'
}
{
  message: 'ValidationError is not defined',
  err: {
    kind: 'UNAUTHORIZED',
    source: 'at C:\\Users\\malpy\\Desktop\\Yeni klasör\\NodeJS-API\\app\\middleware\\controller.middleware.js:15:46'
  },
  req: {
    path: 'POST /v1/credentials/login',
    body: {
      email: '@denemil.com',
      password: '0cea5e938d5c9db6053cb9d1ac6bcefa86ecc331a3d345832b94db1c9043fc27'
    }
  },
  level: 'warn',
  timestamp: '2024-03-20T19:48:09.687Z'
}
{
  message: 'Listening on 3000, development environment',
  level: 'info',
  timestamp: '2024-03-20T19:49:09.474Z'
}
{
  message: 'ValidationError is not defined',
  err: {
    kind: 'UNAUTHORIZED',
    source: 'at C:\\Users\\malpy\\Desktop\\Yeni klasör\\NodeJS-API\\app\\middleware\\controller.middleware.js:15:46'
  },
  req: {
    path: 'POST /v1/credentials/login',
    body: {
      email: '@denemil.com',
      password: '0cea5e938d5c9db6053cb9d1ac6bcefa86ecc331a3d345832b94db1c9043fc27'
    }
  },
  level: 'warn',
  timestamp: '2024-03-20T19:49:22.884Z'
}
{
  message: 'ValidationError is not defined',
  err: {
    kind: 'UNAUTHORIZED',
    source: 'at C:\\Users\\malpy\\Desktop\\Yeni klasör\\NodeJS-API\\app\\middleware\\controller.middleware.js:15:46'
  },
  req: {
    path: 'POST /v1/credentials/login',
    body: {
      email: '@denemil.com',
      password: '0cea5e938d5c9db6053cb9d1ac6bcefa86ecc331a3d345832b94db1c9043fc27'
    }
  },
  level: 'warn',
  timestamp: '2024-03-20T19:51:40.657Z'
}
{
  message: 'Listening on 3000, development environment',
  level: 'info',
  timestamp: '2024-03-20T19:53:19.998Z'
}
{
  message: 'Listening on 3000, development environment',
  level: 'info',
  timestamp: '2024-03-20T19:55:08.617Z'
}
{
  message: 'Listening on 3000, development environment',
  level: 'info',
  timestamp: '2024-03-20T19:55:11.046Z'
}
{
  message: 'Listening on 3000, development environment',
  level: 'info',
  timestamp: '2024-03-20T19:55:18.640Z'
}
{
  message: 'Listening on 3000, development environment',
  level: 'info',
  timestamp: '2024-03-20T19:55:54.586Z'
}
{
  message: 'Listening on 3000, development environment',
  level: 'info',
  timestamp: '2024-03-20T19:58:09.531Z'
}
{
  message: 'Listening on 3000, development environment',
  level: 'info',
  timestamp: '2024-03-20T19:58:27.309Z'
}
{
  message: 'Listening on 3000, development environment',
  level: 'info',
  timestamp: '2024-03-20T19:58:44.022Z'
}
{
  message: 'Listening on 3000, development environment',
  level: 'info',
  timestamp: '2024-03-20T20:00:59.132Z'
}
{
  message: 'Listening on 3000, development environment',
  level: 'info',
  timestamp: '2024-03-20T20:02:53.484Z'
}
{
  message: 'Listening on 3000, development environment',
  level: 'info',
  timestamp: '2024-03-20T20:03:17.449Z'
}
{
  message: 'Listening on 3000, development environment',
  level: 'info',
  timestamp: '2024-03-20T20:03:37.731Z'
}
{
  message: 'Listening on 3000, development environment',
  level: 'info',
  timestamp: '2024-03-20T20:03:52.421Z'
}
{
  message: 'Listening on 3000, development environment',
  level: 'info',
  timestamp: '2024-03-20T20:04:29.390Z'
}
{
  message: 'Listening on 3000, development environment',
  level: 'info',
  timestamp: '2024-03-20T20:06:48.782Z'
}
{
  message: 'Listening on 3000, development environment',
  level: 'info',
  timestamp: '2024-03-20T20:06:51.579Z'
}
{
  message: 'Listening on 3000, development environment',
  level: 'info',
  timestamp: '2024-03-20T20:07:02.173Z'
}
{
  message: 'Listening on 3000, development environment',
  level: 'info',
  timestamp: '2024-03-20T20:08:51.363Z'
}
{
  message: 'Listening on 3000, development environment',
  level: 'info',
  timestamp: '2024-03-20T20:09:14.052Z'
}
{
  message: 'Listening on 3000, development environment',
  level: 'info',
  timestamp: '2024-03-20T20:09:42.235Z'
}
{
  message: 'Listening on 3000, development environment',
  level: 'info',
  timestamp: '2024-03-20T20:10:08.135Z'
}
{
  message: 'Listening on 3001, development environment',
  level: 'info',
  timestamp: '2024-03-20T20:12:13.230Z'
}
{
  message: 'Listening on 3001, development environment',
  level: 'info',
  timestamp: '2024-03-20T20:12:53.842Z'
}
{
  message: 'Listening on 5000, development environment',
  level: 'info',
  timestamp: '2024-03-20T20:13:35.034Z'
}
{
  message: 'Listening on 5000, development environment',
  level: 'info',
  timestamp: '2024-03-20T20:17:21.259Z'
}
{
  message: 'Listening on 5000, development environment',
  level: 'info',
  timestamp: '2024-03-20T20:18:59.295Z'
}
{
  message: 'API Key Required',
  err: { kind: 'UNAUTHORIZED', source: 'guardApiKey' },
  req: { path: 'GET /' },
  level: 'warn',
  timestamp: '2024-03-20T20:20:00.277Z'
}
{
  message: 'API Key Required',
  err: { kind: 'UNAUTHORIZED', source: 'guardApiKey' },
  req: { path: 'GET /favicon.ico' },
  level: 'warn',
  timestamp: '2024-03-20T20:20:00.510Z'
}
{
  message: 'API Key Required',
  err: { kind: 'UNAUTHORIZED', source: 'guardApiKey' },
  req: { path: 'GET /' },
  level: 'warn',
  timestamp: '2024-03-20T20:20:23.262Z'
}
{
  message: 'API Key Required',
  err: { kind: 'UNAUTHORIZED', source: 'guardApiKey' },
  req: { path: 'GET /favicon.ico' },
  level: 'warn',
  timestamp: '2024-03-20T20:20:23.277Z'
}
{
  message: 'Listening on 3000, development environment',
  level: 'info',
  timestamp: '2024-03-20T20:22:44.790Z'
}
{
  message: 'Listening on 3000, development environment',
  level: 'info',
  timestamp: '2024-03-20T20:22:48.651Z'
}
{
  message: 'Listening on 3000, development environment',
  level: 'info',
  timestamp: '2024-03-20T20:23:05.317Z'
}
{
  message: 'Listening on 3000, development environment',
  level: 'info',
  timestamp: '2024-03-20T20:23:08.949Z'
}
{
  message: 'Listening on 3000, development environment',
  level: 'info',
  timestamp: '2024-03-20T20:23:28.307Z'
}
{
  message: 'Listening on 3000, development environment',
  level: 'info',
  timestamp: '2024-03-20T20:23:57.686Z'
}
{
  message: 'Listening on 3000, development environment',
  level: 'info',
  timestamp: '2024-03-20T20:25:11.556Z'
}
{
  message: 'Listening on 3000, development environment',
  level: 'info',
  timestamp: '2024-03-20T20:25:27.865Z'
}
{
  message: 'Listening on 3000, development environment',
  level: 'info',
  timestamp: '2024-03-20T20:25:47.932Z'
}
{
  message: 'API Key Required',
  err: { kind: 'UNAUTHORIZED', source: 'guardApiKey' },
  req: { path: 'GET /json/version' },
  level: 'warn',
  timestamp: '2024-03-20T20:27:16.275Z'
}
{
  message: 'API Key Required',
  err: { kind: 'UNAUTHORIZED', source: 'guardApiKey' },
  req: { path: 'GET /json/version' },
  level: 'warn',
  timestamp: '2024-03-20T20:27:16.280Z'
}
{
  message: 'API Key Required',
  err: { kind: 'UNAUTHORIZED', source: 'guardApiKey' },
  req: { path: 'GET /json/list' },
  level: 'warn',
  timestamp: '2024-03-20T20:27:16.283Z'
}
{
  message: 'API Key Required',
  err: { kind: 'UNAUTHORIZED', source: 'guardApiKey' },
  req: { path: 'GET /json/list' },
  level: 'warn',
  timestamp: '2024-03-20T20:27:16.286Z'
}
{
  message: 'API Key Required',
  err: { kind: 'UNAUTHORIZED', source: 'guardApiKey' },
  req: { path: 'GET /json/list' },
  level: 'warn',
  timestamp: '2024-03-20T20:27:16.502Z'
}
{
  message: 'API Key Required',
  err: { kind: 'UNAUTHORIZED', source: 'guardApiKey' },
  req: { path: 'GET /json/version' },
  level: 'warn',
  timestamp: '2024-03-20T20:27:16.503Z'
}
{
  message: 'API Key Required',
  err: { kind: 'UNAUTHORIZED', source: 'guardApiKey' },
  req: { path: 'GET /json/version' },
  level: 'warn',
  timestamp: '2024-03-20T20:27:16.505Z'
}
{
  message: 'API Key Required',
  err: { kind: 'UNAUTHORIZED', source: 'guardApiKey' },
  req: { path: 'GET /json/list' },
  level: 'warn',
  timestamp: '2024-03-20T20:27:16.506Z'
}
{
  message: 'API Key Required',
  err: { kind: 'UNAUTHORIZED', source: 'guardApiKey' },
  req: { path: 'GET /json/version' },
  level: 'warn',
  timestamp: '2024-03-20T20:27:16.721Z'
}
{
  message: 'API Key Required',
  err: { kind: 'UNAUTHORIZED', source: 'guardApiKey' },
  req: { path: 'GET /json/version' },
  level: 'warn',
  timestamp: '2024-03-20T20:27:16.723Z'
}
{
  message: 'API Key Required',
  err: { kind: 'UNAUTHORIZED', source: 'guardApiKey' },
  req: { path: 'GET /json/list' },
  level: 'warn',
  timestamp: '2024-03-20T20:27:16.725Z'
}
{
  message: 'API Key Required',
  err: { kind: 'UNAUTHORIZED', source: 'guardApiKey' },
  req: { path: 'GET /json/list' },
  level: 'warn',
  timestamp: '2024-03-20T20:27:16.726Z'
}
{
  message: 'API Key Required',
  err: { kind: 'UNAUTHORIZED', source: 'guardApiKey' },
  req: { path: 'GET /json/version' },
  level: 'warn',
  timestamp: '2024-03-20T20:27:16.942Z'
}
{
  message: 'API Key Required',
  err: { kind: 'UNAUTHORIZED', source: 'guardApiKey' },
  req: { path: 'GET /json/version' },
  level: 'warn',
  timestamp: '2024-03-20T20:27:16.944Z'
}
{
  message: 'API Key Required',
  err: { kind: 'UNAUTHORIZED', source: 'guardApiKey' },
  req: { path: 'GET /json/list' },
  level: 'warn',
  timestamp: '2024-03-20T20:27:16.945Z'
}
{
  message: 'API Key Required',
  err: { kind: 'UNAUTHORIZED', source: 'guardApiKey' },
  req: { path: 'GET /json/list' },
  level: 'warn',
  timestamp: '2024-03-20T20:27:16.947Z'
}
{
  message: 'API Key Required',
  err: { kind: 'UNAUTHORIZED', source: 'guardApiKey' },
  req: { path: 'GET /json/version' },
  level: 'warn',
  timestamp: '2024-03-20T20:27:17.160Z'
}
{
  message: 'API Key Required',
  err: { kind: 'UNAUTHORIZED', source: 'guardApiKey' },
  req: { path: 'GET /json/version' },
  level: 'warn',
  timestamp: '2024-03-20T20:27:17.162Z'
}
{
  message: 'API Key Required',
  err: { kind: 'UNAUTHORIZED', source: 'guardApiKey' },
  req: { path: 'GET /json/list' },
  level: 'warn',
  timestamp: '2024-03-20T20:27:17.163Z'
}
{
  message: 'API Key Required',
  err: { kind: 'UNAUTHORIZED', source: 'guardApiKey' },
  req: { path: 'GET /json/list' },
  level: 'warn',
  timestamp: '2024-03-20T20:27:17.165Z'
}
{
  message: 'API Key Required',
  err: { kind: 'UNAUTHORIZED', source: 'guardApiKey' },
  req: { path: 'GET /json/version' },
  level: 'warn',
  timestamp: '2024-03-20T20:27:17.380Z'
}
{
  message: 'API Key Required',
  err: { kind: 'UNAUTHORIZED', source: 'guardApiKey' },
  req: { path: 'GET /json/version' },
  level: 'warn',
  timestamp: '2024-03-20T20:27:17.382Z'
}
{
  message: 'API Key Required',
  err: { kind: 'UNAUTHORIZED', source: 'guardApiKey' },
  req: { path: 'GET /json/list' },
  level: 'warn',
  timestamp: '2024-03-20T20:27:17.383Z'
}
{
  message: 'API Key Required',
  err: { kind: 'UNAUTHORIZED', source: 'guardApiKey' },
  req: { path: 'GET /json/list' },
  level: 'warn',
  timestamp: '2024-03-20T20:27:17.384Z'
}
{
  message: 'API Key Required',
  err: { kind: 'UNAUTHORIZED', source: 'guardApiKey' },
  req: { path: 'GET /json/version' },
  level: 'warn',
  timestamp: '2024-03-20T20:27:17.600Z'
}
{
  message: 'API Key Required',
  err: { kind: 'UNAUTHORIZED', source: 'guardApiKey' },
  req: { path: 'GET /json/version' },
  level: 'warn',
  timestamp: '2024-03-20T20:27:17.602Z'
}
{
  message: 'API Key Required',
  err: { kind: 'UNAUTHORIZED', source: 'guardApiKey' },
  req: { path: 'GET /json/list' },
  level: 'warn',
  timestamp: '2024-03-20T20:27:17.603Z'
}
{
  message: 'API Key Required',
  err: { kind: 'UNAUTHORIZED', source: 'guardApiKey' },
  req: { path: 'GET /json/list' },
  level: 'warn',
  timestamp: '2024-03-20T20:27:17.604Z'
}
{
  message: 'API Key Required',
  err: { kind: 'UNAUTHORIZED', source: 'guardApiKey' },
  req: { path: 'GET /json/version' },
  level: 'warn',
  timestamp: '2024-03-20T20:27:17.819Z'
}
{
  message: 'API Key Required',
  err: { kind: 'UNAUTHORIZED', source: 'guardApiKey' },
  req: { path: 'GET /json/version' },
  level: 'warn',
  timestamp: '2024-03-20T20:27:17.820Z'
}
{
  message: 'API Key Required',
  err: { kind: 'UNAUTHORIZED', source: 'guardApiKey' },
  req: { path: 'GET /json/list' },
  level: 'warn',
  timestamp: '2024-03-20T20:27:17.821Z'
}
{
  message: 'API Key Required',
  err: { kind: 'UNAUTHORIZED', source: 'guardApiKey' },
  req: { path: 'GET /json/list' },
  level: 'warn',
  timestamp: '2024-03-20T20:27:17.822Z'
}
{
  message: 'API Key Required',
  err: { kind: 'UNAUTHORIZED', source: 'guardApiKey' },
  req: { path: 'GET /json/version' },
  level: 'warn',
  timestamp: '2024-03-20T20:27:18.038Z'
}
{
  message: 'API Key Required',
  err: { kind: 'UNAUTHORIZED', source: 'guardApiKey' },
  req: { path: 'GET /json/version' },
  level: 'warn',
  timestamp: '2024-03-20T20:27:18.040Z'
}
{
  message: 'API Key Required',
  err: { kind: 'UNAUTHORIZED', source: 'guardApiKey' },
  req: { path: 'GET /json/list' },
  level: 'warn',
  timestamp: '2024-03-20T20:27:18.041Z'
}
{
  message: 'API Key Required',
  err: { kind: 'UNAUTHORIZED', source: 'guardApiKey' },
  req: { path: 'GET /json/list' },
  level: 'warn',
  timestamp: '2024-03-20T20:27:18.042Z'
}
{
  message: 'API Key Required',
  err: { kind: 'UNAUTHORIZED', source: 'guardApiKey' },
  req: { path: 'GET /json/version' },
  level: 'warn',
  timestamp: '2024-03-20T20:27:18.261Z'
}
{
  message: 'API Key Required',
  err: { kind: 'UNAUTHORIZED', source: 'guardApiKey' },
  req: { path: 'GET /json/version' },
  level: 'warn',
  timestamp: '2024-03-20T20:27:18.262Z'
}
{
  message: 'API Key Required',
  err: { kind: 'UNAUTHORIZED', source: 'guardApiKey' },
  req: { path: 'GET /json/list' },
  level: 'warn',
  timestamp: '2024-03-20T20:27:18.263Z'
}
{
  message: 'API Key Required',
  err: { kind: 'UNAUTHORIZED', source: 'guardApiKey' },
  req: { path: 'GET /json/list' },
  level: 'warn',
  timestamp: '2024-03-20T20:27:18.264Z'
}
{
  message: 'API Key Required',
  err: { kind: 'UNAUTHORIZED', source: 'guardApiKey' },
  req: { path: 'GET /json/version' },
  level: 'warn',
  timestamp: '2024-03-20T20:27:18.479Z'
}
{
  message: 'API Key Required',
  err: { kind: 'UNAUTHORIZED', source: 'guardApiKey' },
  req: { path: 'GET /json/version' },
  level: 'warn',
  timestamp: '2024-03-20T20:27:18.480Z'
}
{
  message: 'API Key Required',
  err: { kind: 'UNAUTHORIZED', source: 'guardApiKey' },
  req: { path: 'GET /json/list' },
  level: 'warn',
  timestamp: '2024-03-20T20:27:18.481Z'
}
{
  message: 'API Key Required',
  err: { kind: 'UNAUTHORIZED', source: 'guardApiKey' },
  req: { path: 'GET /json/list' },
  level: 'warn',
  timestamp: '2024-03-20T20:27:18.482Z'
}
{
  message: 'API Key Required',
  err: { kind: 'UNAUTHORIZED', source: 'guardApiKey' },
  req: { path: 'GET /json/version' },
  level: 'warn',
  timestamp: '2024-03-20T20:27:18.698Z'
}
{
  message: 'API Key Required',
  err: { kind: 'UNAUTHORIZED', source: 'guardApiKey' },
  req: { path: 'GET /json/version' },
  level: 'warn',
  timestamp: '2024-03-20T20:27:18.699Z'
}
{
  message: 'API Key Required',
  err: { kind: 'UNAUTHORIZED', source: 'guardApiKey' },
  req: { path: 'GET /json/list' },
  level: 'warn',
  timestamp: '2024-03-20T20:27:18.701Z'
}
{
  message: 'API Key Required',
  err: { kind: 'UNAUTHORIZED', source: 'guardApiKey' },
  req: { path: 'GET /json/list' },
  level: 'warn',
  timestamp: '2024-03-20T20:27:18.702Z'
}
{
  message: 'API Key Required',
  err: { kind: 'UNAUTHORIZED', source: 'guardApiKey' },
  req: { path: 'GET /json/version' },
  level: 'warn',
  timestamp: '2024-03-20T20:27:18.917Z'
}
{
  message: 'API Key Required',
  err: { kind: 'UNAUTHORIZED', source: 'guardApiKey' },
  req: { path: 'GET /json/version' },
  level: 'warn',
  timestamp: '2024-03-20T20:27:18.918Z'
}
{
  message: 'API Key Required',
  err: { kind: 'UNAUTHORIZED', source: 'guardApiKey' },
  req: { path: 'GET /json/list' },
  level: 'warn',
  timestamp: '2024-03-20T20:27:18.919Z'
}
{
  message: 'API Key Required',
  err: { kind: 'UNAUTHORIZED', source: 'guardApiKey' },
  req: { path: 'GET /json/list' },
  level: 'warn',
  timestamp: '2024-03-20T20:27:18.920Z'
}
{
  message: 'API Key Required',
  err: { kind: 'UNAUTHORIZED', source: 'guardApiKey' },
  req: { path: 'GET /json/version' },
  level: 'warn',
  timestamp: '2024-03-20T20:27:19.142Z'
}
{
  message: 'API Key Required',
  err: { kind: 'UNAUTHORIZED', source: 'guardApiKey' },
  req: { path: 'GET /json/version' },
  level: 'warn',
  timestamp: '2024-03-20T20:27:19.143Z'
}
{
  message: 'API Key Required',
  err: { kind: 'UNAUTHORIZED', source: 'guardApiKey' },
  req: { path: 'GET /json/list' },
  level: 'warn',
  timestamp: '2024-03-20T20:27:19.144Z'
}
{
  message: 'API Key Required',
  err: { kind: 'UNAUTHORIZED', source: 'guardApiKey' },
  req: { path: 'GET /json/list' },
  level: 'warn',
  timestamp: '2024-03-20T20:27:19.146Z'
}
{
  message: 'API Key Required',
  err: { kind: 'UNAUTHORIZED', source: 'guardApiKey' },
  req: { path: 'GET /json/version' },
  level: 'warn',
  timestamp: '2024-03-20T20:27:19.353Z'
}
{
  message: 'API Key Required',
  err: { kind: 'UNAUTHORIZED', source: 'guardApiKey' },
  req: { path: 'GET /json/list' },
  level: 'warn',
  timestamp: '2024-03-20T20:27:19.355Z'
}
{
  message: 'API Key Required',
  err: { kind: 'UNAUTHORIZED', source: 'guardApiKey' },
  req: { path: 'GET /json/version' },
  level: 'warn',
  timestamp: '2024-03-20T20:27:19.356Z'
}
{
  message: 'API Key Required',
  err: { kind: 'UNAUTHORIZED', source: 'guardApiKey' },
  req: { path: 'GET /json/list' },
  level: 'warn',
  timestamp: '2024-03-20T20:27:19.357Z'
}
{
  message: 'API Key Required',
  err: { kind: 'UNAUTHORIZED', source: 'guardApiKey' },
  req: { path: 'GET /json/version' },
  level: 'warn',
  timestamp: '2024-03-20T20:27:19.574Z'
}
{
  message: 'API Key Required',
  err: { kind: 'UNAUTHORIZED', source: 'guardApiKey' },
  req: { path: 'GET /json/version' },
  level: 'warn',
  timestamp: '2024-03-20T20:27:19.575Z'
}
{
  message: 'API Key Required',
  err: { kind: 'UNAUTHORIZED', source: 'guardApiKey' },
  req: { path: 'GET /json/list' },
  level: 'warn',
  timestamp: '2024-03-20T20:27:19.576Z'
}
{
  message: 'API Key Required',
  err: { kind: 'UNAUTHORIZED', source: 'guardApiKey' },
  req: { path: 'GET /json/list' },
  level: 'warn',
  timestamp: '2024-03-20T20:27:19.578Z'
}
{
  message: 'API Key Required',
  err: { kind: 'UNAUTHORIZED', source: 'guardApiKey' },
  req: { path: 'GET /json/version' },
  level: 'warn',
  timestamp: '2024-03-20T20:27:19.792Z'
}
{
  message: 'API Key Required',
  err: { kind: 'UNAUTHORIZED', source: 'guardApiKey' },
  req: { path: 'GET /json/version' },
  level: 'warn',
  timestamp: '2024-03-20T20:27:19.793Z'
}
{
  message: 'API Key Required',
  err: { kind: 'UNAUTHORIZED', source: 'guardApiKey' },
  req: { path: 'GET /json/list' },
  level: 'warn',
  timestamp: '2024-03-20T20:27:19.794Z'
}
{
  message: 'API Key Required',
  err: { kind: 'UNAUTHORIZED', source: 'guardApiKey' },
  req: { path: 'GET /json/list' },
  level: 'warn',
  timestamp: '2024-03-20T20:27:19.796Z'
}
{
  message: 'API Key Required',
  err: { kind: 'UNAUTHORIZED', source: 'guardApiKey' },
  req: { path: 'GET /json/version' },
  level: 'warn',
  timestamp: '2024-03-20T20:27:20.004Z'
}
{
  message: 'API Key Required',
  err: { kind: 'UNAUTHORIZED', source: 'guardApiKey' },
  req: { path: 'GET /json/version' },
  level: 'warn',
  timestamp: '2024-03-20T20:27:20.006Z'
}
{
  message: 'API Key Required',
  err: { kind: 'UNAUTHORIZED', source: 'guardApiKey' },
  req: { path: 'GET /json/list' },
  level: 'warn',
  timestamp: '2024-03-20T20:27:20.007Z'
}
{
  message: 'API Key Required',
  err: { kind: 'UNAUTHORIZED', source: 'guardApiKey' },
  req: { path: 'GET /json/list' },
  level: 'warn',
  timestamp: '2024-03-20T20:27:20.009Z'
}
{
  message: 'API Key Required',
  err: { kind: 'UNAUTHORIZED', source: 'guardApiKey' },
  req: { path: 'GET /json/version' },
  level: 'warn',
  timestamp: '2024-03-20T20:27:20.227Z'
}
{
  message: 'API Key Required',
  err: { kind: 'UNAUTHORIZED', source: 'guardApiKey' },
  req: { path: 'GET /json/version' },
  level: 'warn',
  timestamp: '2024-03-20T20:27:20.228Z'
}
{
  message: 'API Key Required',
  err: { kind: 'UNAUTHORIZED', source: 'guardApiKey' },
  req: { path: 'GET /json/list' },
  level: 'warn',
  timestamp: '2024-03-20T20:27:20.229Z'
}
{
  message: 'API Key Required',
  err: { kind: 'UNAUTHORIZED', source: 'guardApiKey' },
  req: { path: 'GET /json/list' },
  level: 'warn',
  timestamp: '2024-03-20T20:27:20.231Z'
}
{
  message: 'API Key Required',
  err: { kind: 'UNAUTHORIZED', source: 'guardApiKey' },
  req: { path: 'GET /json/version' },
  level: 'warn',
  timestamp: '2024-03-20T20:27:20.446Z'
}
{
  message: 'API Key Required',
  err: { kind: 'UNAUTHORIZED', source: 'guardApiKey' },
  req: { path: 'GET /json/version' },
  level: 'warn',
  timestamp: '2024-03-20T20:27:20.448Z'
}
{
  message: 'API Key Required',
  err: { kind: 'UNAUTHORIZED', source: 'guardApiKey' },
  req: { path: 'GET /json/list' },
  level: 'warn',
  timestamp: '2024-03-20T20:27:20.449Z'
}
{
  message: 'API Key Required',
  err: { kind: 'UNAUTHORIZED', source: 'guardApiKey' },
  req: { path: 'GET /json/list' },
  level: 'warn',
  timestamp: '2024-03-20T20:27:20.451Z'
}
{
  message: 'API Key Required',
  err: { kind: 'UNAUTHORIZED', source: 'guardApiKey' },
  req: { path: 'GET /json/list' },
  level: 'warn',
  timestamp: '2024-03-20T20:27:20.665Z'
}
{
  message: 'API Key Required',
  err: { kind: 'UNAUTHORIZED', source: 'guardApiKey' },
  req: { path: 'GET /json/list' },
  level: 'warn',
  timestamp: '2024-03-20T20:27:20.666Z'
}
{
  message: 'API Key Required',
  err: { kind: 'UNAUTHORIZED', source: 'guardApiKey' },
  req: { path: 'GET /json/version' },
  level: 'warn',
  timestamp: '2024-03-20T20:27:20.667Z'
}
{
  message: 'API Key Required',
  err: { kind: 'UNAUTHORIZED', source: 'guardApiKey' },
  req: { path: 'GET /json/version' },
  level: 'warn',
  timestamp: '2024-03-20T20:27:20.668Z'
}
{
  message: 'API Key Required',
  err: { kind: 'UNAUTHORIZED', source: 'guardApiKey' },
  req: { path: 'GET /json/version' },
  level: 'warn',
  timestamp: '2024-03-20T20:27:20.892Z'
}
{
  message: 'API Key Required',
  err: { kind: 'UNAUTHORIZED', source: 'guardApiKey' },
  req: { path: 'GET /json/version' },
  level: 'warn',
  timestamp: '2024-03-20T20:27:20.893Z'
}
{
  message: 'API Key Required',
  err: { kind: 'UNAUTHORIZED', source: 'guardApiKey' },
  req: { path: 'GET /json/list' },
  level: 'warn',
  timestamp: '2024-03-20T20:27:20.894Z'
}
{
  message: 'API Key Required',
  err: { kind: 'UNAUTHORIZED', source: 'guardApiKey' },
  req: { path: 'GET /json/list' },
  level: 'warn',
  timestamp: '2024-03-20T20:27:20.896Z'
}
{
  message: 'API Key Required',
  err: { kind: 'UNAUTHORIZED', source: 'guardApiKey' },
  req: { path: 'GET /json/version' },
  level: 'warn',
  timestamp: '2024-03-20T20:27:21.103Z'
}
{
  message: 'API Key Required',
  err: { kind: 'UNAUTHORIZED', source: 'guardApiKey' },
  req: { path: 'GET /json/version' },
  level: 'warn',
  timestamp: '2024-03-20T20:27:21.104Z'
}
{
  message: 'API Key Required',
  err: { kind: 'UNAUTHORIZED', source: 'guardApiKey' },
  req: { path: 'GET /json/list' },
  level: 'warn',
  timestamp: '2024-03-20T20:27:21.106Z'
}
{
  message: 'API Key Required',
  err: { kind: 'UNAUTHORIZED', source: 'guardApiKey' },
  req: { path: 'GET /json/list' },
  level: 'warn',
  timestamp: '2024-03-20T20:27:21.107Z'
}
{
  message: 'API Key Required',
  err: { kind: 'UNAUTHORIZED', source: 'guardApiKey' },
  req: { path: 'GET /json/version' },
  level: 'warn',
  timestamp: '2024-03-20T20:27:21.327Z'
}
{
  message: 'API Key Required',
  err: { kind: 'UNAUTHORIZED', source: 'guardApiKey' },
  req: { path: 'GET /json/version' },
  level: 'warn',
  timestamp: '2024-03-20T20:27:21.329Z'
}
{
  message: 'API Key Required',
  err: { kind: 'UNAUTHORIZED', source: 'guardApiKey' },
  req: { path: 'GET /json/list' },
  level: 'warn',
  timestamp: '2024-03-20T20:27:21.331Z'
}
{
  message: 'API Key Required',
  err: { kind: 'UNAUTHORIZED', source: 'guardApiKey' },
  req: { path: 'GET /json/list' },
  level: 'warn',
  timestamp: '2024-03-20T20:27:21.332Z'
}
{
  message: 'API Key Required',
  err: { kind: 'UNAUTHORIZED', source: 'guardApiKey' },
  req: { path: 'GET /json/version' },
  level: 'warn',
  timestamp: '2024-03-20T20:27:21.541Z'
}
{
  message: 'API Key Required',
  err: { kind: 'UNAUTHORIZED', source: 'guardApiKey' },
  req: { path: 'GET /json/version' },
  level: 'warn',
  timestamp: '2024-03-20T20:27:21.543Z'
}
{
  message: 'API Key Required',
  err: { kind: 'UNAUTHORIZED', source: 'guardApiKey' },
  req: { path: 'GET /json/list' },
  level: 'warn',
  timestamp: '2024-03-20T20:27:21.544Z'
}
{
  message: 'API Key Required',
  err: { kind: 'UNAUTHORIZED', source: 'guardApiKey' },
  req: { path: 'GET /json/list' },
  level: 'warn',
  timestamp: '2024-03-20T20:27:21.545Z'
}
{
  message: 'API Key Required',
  err: { kind: 'UNAUTHORIZED', source: 'guardApiKey' },
  req: { path: 'GET /json/version' },
  level: 'warn',
  timestamp: '2024-03-20T20:27:21.759Z'
}
{
  message: 'API Key Required',
  err: { kind: 'UNAUTHORIZED', source: 'guardApiKey' },
  req: { path: 'GET /json/version' },
  level: 'warn',
  timestamp: '2024-03-20T20:27:21.760Z'
}
{
  message: 'API Key Required',
  err: { kind: 'UNAUTHORIZED', source: 'guardApiKey' },
  req: { path: 'GET /json/list' },
  level: 'warn',
  timestamp: '2024-03-20T20:27:21.762Z'
}
{
  message: 'API Key Required',
  err: { kind: 'UNAUTHORIZED', source: 'guardApiKey' },
  req: { path: 'GET /json/list' },
  level: 'warn',
  timestamp: '2024-03-20T20:27:21.763Z'
}
{
  message: 'API Key Required',
  err: { kind: 'UNAUTHORIZED', source: 'guardApiKey' },
  req: { path: 'GET /json/version' },
  level: 'warn',
  timestamp: '2024-03-20T20:27:21.978Z'
}
{
  message: 'API Key Required',
  err: { kind: 'UNAUTHORIZED', source: 'guardApiKey' },
  req: { path: 'GET /json/version' },
  level: 'warn',
  timestamp: '2024-03-20T20:27:21.979Z'
}
{
  message: 'API Key Required',
  err: { kind: 'UNAUTHORIZED', source: 'guardApiKey' },
  req: { path: 'GET /json/list' },
  level: 'warn',
  timestamp: '2024-03-20T20:27:21.980Z'
}
{
  message: 'API Key Required',
  err: { kind: 'UNAUTHORIZED', source: 'guardApiKey' },
  req: { path: 'GET /json/list' },
  level: 'warn',
  timestamp: '2024-03-20T20:27:21.982Z'
}
{
  message: 'API Key Required',
  err: { kind: 'UNAUTHORIZED', source: 'guardApiKey' },
  req: { path: 'GET /json/version' },
  level: 'warn',
  timestamp: '2024-03-20T20:27:22.195Z'
}
{
  message: 'API Key Required',
  err: { kind: 'UNAUTHORIZED', source: 'guardApiKey' },
  req: { path: 'GET /json/version' },
  level: 'warn',
  timestamp: '2024-03-20T20:27:22.196Z'
}
{
  message: 'API Key Required',
  err: { kind: 'UNAUTHORIZED', source: 'guardApiKey' },
  req: { path: 'GET /json/list' },
  level: 'warn',
  timestamp: '2024-03-20T20:27:22.197Z'
}
{
  message: 'API Key Required',
  err: { kind: 'UNAUTHORIZED', source: 'guardApiKey' },
  req: { path: 'GET /json/list' },
  level: 'warn',
  timestamp: '2024-03-20T20:27:22.199Z'
}
{
  message: 'API Key Required',
  err: { kind: 'UNAUTHORIZED', source: 'guardApiKey' },
  req: { path: 'GET /json/version' },
  level: 'warn',
  timestamp: '2024-03-20T20:27:22.418Z'
}
{
  message: 'API Key Required',
  err: { kind: 'UNAUTHORIZED', source: 'guardApiKey' },
  req: { path: 'GET /json/version' },
  level: 'warn',
  timestamp: '2024-03-20T20:27:22.420Z'
}
{
  message: 'API Key Required',
  err: { kind: 'UNAUTHORIZED', source: 'guardApiKey' },
  req: { path: 'GET /json/list' },
  level: 'warn',
  timestamp: '2024-03-20T20:27:22.421Z'
}
{
  message: 'API Key Required',
  err: { kind: 'UNAUTHORIZED', source: 'guardApiKey' },
  req: { path: 'GET /json/list' },
  level: 'warn',
  timestamp: '2024-03-20T20:27:22.422Z'
}
{
  message: 'API Key Required',
  err: { kind: 'UNAUTHORIZED', source: 'guardApiKey' },
  req: { path: 'GET /json/version' },
  level: 'warn',
  timestamp: '2024-03-20T20:27:22.633Z'
}
{
  message: 'API Key Required',
  err: { kind: 'UNAUTHORIZED', source: 'guardApiKey' },
  req: { path: 'GET /json/version' },
  level: 'warn',
  timestamp: '2024-03-20T20:27:22.635Z'
}
{
  message: 'API Key Required',
  err: { kind: 'UNAUTHORIZED', source: 'guardApiKey' },
  req: { path: 'GET /json/list' },
  level: 'warn',
  timestamp: '2024-03-20T20:27:22.636Z'
}
{
  message: 'API Key Required',
  err: { kind: 'UNAUTHORIZED', source: 'guardApiKey' },
  req: { path: 'GET /json/list' },
  level: 'warn',
  timestamp: '2024-03-20T20:27:22.637Z'
}
{
  message: 'API Key Required',
  err: { kind: 'UNAUTHORIZED', source: 'guardApiKey' },
  req: { path: 'GET /json/list' },
  level: 'warn',
  timestamp: '2024-03-20T20:27:22.854Z'
}
{
  message: 'API Key Required',
  err: { kind: 'UNAUTHORIZED', source: 'guardApiKey' },
  req: { path: 'GET /json/version' },
  level: 'warn',
  timestamp: '2024-03-20T20:27:22.855Z'
}
{
  message: 'API Key Required',
  err: { kind: 'UNAUTHORIZED', source: 'guardApiKey' },
  req: { path: 'GET /json/version' },
  level: 'warn',
  timestamp: '2024-03-20T20:27:22.856Z'
}
{
  message: 'API Key Required',
  err: { kind: 'UNAUTHORIZED', source: 'guardApiKey' },
  req: { path: 'GET /json/list' },
  level: 'warn',
  timestamp: '2024-03-20T20:27:22.858Z'
}
{
  message: 'API Key Required',
  err: { kind: 'UNAUTHORIZED', source: 'guardApiKey' },
  req: { path: 'GET /json/version' },
  level: 'warn',
  timestamp: '2024-03-20T20:27:23.070Z'
}
{
  message: 'API Key Required',
  err: { kind: 'UNAUTHORIZED', source: 'guardApiKey' },
  req: { path: 'GET /json/version' },
  level: 'warn',
  timestamp: '2024-03-20T20:27:23.072Z'
}
{
  message: 'API Key Required',
  err: { kind: 'UNAUTHORIZED', source: 'guardApiKey' },
  req: { path: 'GET /json/list' },
  level: 'warn',
  timestamp: '2024-03-20T20:27:23.073Z'
}
{
  message: 'API Key Required',
  err: { kind: 'UNAUTHORIZED', source: 'guardApiKey' },
  req: { path: 'GET /json/list' },
  level: 'warn',
  timestamp: '2024-03-20T20:27:23.075Z'
}
{
  message: 'API Key Required',
  err: { kind: 'UNAUTHORIZED', source: 'guardApiKey' },
  req: { path: 'GET /json/version' },
  level: 'warn',
  timestamp: '2024-03-20T20:27:23.292Z'
}
{
  message: 'API Key Required',
  err: { kind: 'UNAUTHORIZED', source: 'guardApiKey' },
  req: { path: 'GET /json/version' },
  level: 'warn',
  timestamp: '2024-03-20T20:27:23.293Z'
}
{
  message: 'API Key Required',
  err: { kind: 'UNAUTHORIZED', source: 'guardApiKey' },
  req: { path: 'GET /json/list' },
  level: 'warn',
  timestamp: '2024-03-20T20:27:23.295Z'
}
{
  message: 'API Key Required',
  err: { kind: 'UNAUTHORIZED', source: 'guardApiKey' },
  req: { path: 'GET /json/list' },
  level: 'warn',
  timestamp: '2024-03-20T20:27:23.296Z'
}
{
  message: 'API Key Required',
  err: { kind: 'UNAUTHORIZED', source: 'guardApiKey' },
  req: { path: 'GET /json/version' },
  level: 'warn',
  timestamp: '2024-03-20T20:27:23.513Z'
}
{
  message: 'API Key Required',
  err: { kind: 'UNAUTHORIZED', source: 'guardApiKey' },
  req: { path: 'GET /json/version' },
  level: 'warn',
  timestamp: '2024-03-20T20:27:23.514Z'
}
{
  message: 'API Key Required',
  err: { kind: 'UNAUTHORIZED', source: 'guardApiKey' },
  req: { path: 'GET /json/list' },
  level: 'warn',
  timestamp: '2024-03-20T20:27:23.516Z'
}
{
  message: 'API Key Required',
  err: { kind: 'UNAUTHORIZED', source: 'guardApiKey' },
  req: { path: 'GET /json/list' },
  level: 'warn',
  timestamp: '2024-03-20T20:27:23.518Z'
}
{
  message: 'API Key Required',
  err: { kind: 'UNAUTHORIZED', source: 'guardApiKey' },
  req: { path: 'GET /json/version' },
  level: 'warn',
  timestamp: '2024-03-20T20:27:23.736Z'
}
{
  message: 'API Key Required',
  err: { kind: 'UNAUTHORIZED', source: 'guardApiKey' },
  req: { path: 'GET /json/version' },
  level: 'warn',
  timestamp: '2024-03-20T20:27:23.737Z'
}
{
  message: 'API Key Required',
  err: { kind: 'UNAUTHORIZED', source: 'guardApiKey' },
  req: { path: 'GET /json/list' },
  level: 'warn',
  timestamp: '2024-03-20T20:27:23.739Z'
}
{
  message: 'API Key Required',
  err: { kind: 'UNAUTHORIZED', source: 'guardApiKey' },
  req: { path: 'GET /json/list' },
  level: 'warn',
  timestamp: '2024-03-20T20:27:23.740Z'
}
{
  message: 'API Key Required',
  err: { kind: 'UNAUTHORIZED', source: 'guardApiKey' },
  req: { path: 'GET /json/version' },
  level: 'warn',
  timestamp: '2024-03-20T20:27:23.955Z'
}
{
  message: 'API Key Required',
  err: { kind: 'UNAUTHORIZED', source: 'guardApiKey' },
  req: { path: 'GET /json/version' },
  level: 'warn',
  timestamp: '2024-03-20T20:27:23.957Z'
}
{
  message: 'API Key Required',
  err: { kind: 'UNAUTHORIZED', source: 'guardApiKey' },
  req: { path: 'GET /json/list' },
  level: 'warn',
  timestamp: '2024-03-20T20:27:23.958Z'
}
{
  message: 'API Key Required',
  err: { kind: 'UNAUTHORIZED', source: 'guardApiKey' },
  req: { path: 'GET /json/list' },
  level: 'warn',
  timestamp: '2024-03-20T20:27:23.959Z'
}
{
  message: 'API Key Required',
  err: { kind: 'UNAUTHORIZED', source: 'guardApiKey' },
  req: { path: 'GET /json/version' },
  level: 'warn',
  timestamp: '2024-03-20T20:27:24.177Z'
}
{
  message: 'API Key Required',
  err: { kind: 'UNAUTHORIZED', source: 'guardApiKey' },
  req: { path: 'GET /json/version' },
  level: 'warn',
  timestamp: '2024-03-20T20:27:24.178Z'
}
{
  message: 'API Key Required',
  err: { kind: 'UNAUTHORIZED', source: 'guardApiKey' },
  req: { path: 'GET /json/list' },
  level: 'warn',
  timestamp: '2024-03-20T20:27:24.180Z'
}
{
  message: 'API Key Required',
  err: { kind: 'UNAUTHORIZED', source: 'guardApiKey' },
  req: { path: 'GET /json/list' },
  level: 'warn',
  timestamp: '2024-03-20T20:27:24.181Z'
}
{
  message: 'API Key Required',
  err: { kind: 'UNAUTHORIZED', source: 'guardApiKey' },
  req: { path: 'GET /json/version' },
  level: 'warn',
  timestamp: '2024-03-20T20:27:24.395Z'
}
{
  message: 'API Key Required',
  err: { kind: 'UNAUTHORIZED', source: 'guardApiKey' },
  req: { path: 'GET /json/version' },
  level: 'warn',
  timestamp: '2024-03-20T20:27:24.396Z'
}
{
  message: 'API Key Required',
  err: { kind: 'UNAUTHORIZED', source: 'guardApiKey' },
  req: { path: 'GET /json/list' },
  level: 'warn',
  timestamp: '2024-03-20T20:27:24.398Z'
}
{
  message: 'API Key Required',
  err: { kind: 'UNAUTHORIZED', source: 'guardApiKey' },
  req: { path: 'GET /json/list' },
  level: 'warn',
  timestamp: '2024-03-20T20:27:24.399Z'
}
{
  message: 'API Key Required',
  err: { kind: 'UNAUTHORIZED', source: 'guardApiKey' },
  req: { path: 'GET /json/version' },
  level: 'warn',
  timestamp: '2024-03-20T20:27:24.612Z'
}
{
  message: 'API Key Required',
  err: { kind: 'UNAUTHORIZED', source: 'guardApiKey' },
  req: { path: 'GET /json/version' },
  level: 'warn',
  timestamp: '2024-03-20T20:27:24.614Z'
}
{
  message: 'API Key Required',
  err: { kind: 'UNAUTHORIZED', source: 'guardApiKey' },
  req: { path: 'GET /json/list' },
  level: 'warn',
  timestamp: '2024-03-20T20:27:24.615Z'
}
{
  message: 'API Key Required',
  err: { kind: 'UNAUTHORIZED', source: 'guardApiKey' },
  req: { path: 'GET /json/list' },
  level: 'warn',
  timestamp: '2024-03-20T20:27:24.617Z'
}
{
  message: 'API Key Required',
  err: { kind: 'UNAUTHORIZED', source: 'guardApiKey' },
  req: { path: 'GET /json/version' },
  level: 'warn',
  timestamp: '2024-03-20T20:27:24.833Z'
}
{
  message: 'API Key Required',
  err: { kind: 'UNAUTHORIZED', source: 'guardApiKey' },
  req: { path: 'GET /json/version' },
  level: 'warn',
  timestamp: '2024-03-20T20:27:24.835Z'
}
{
  message: 'API Key Required',
  err: { kind: 'UNAUTHORIZED', source: 'guardApiKey' },
  req: { path: 'GET /json/list' },
  level: 'warn',
  timestamp: '2024-03-20T20:27:24.836Z'
}
{
  message: 'API Key Required',
  err: { kind: 'UNAUTHORIZED', source: 'guardApiKey' },
  req: { path: 'GET /json/list' },
  level: 'warn',
  timestamp: '2024-03-20T20:27:24.837Z'
}
{
  message: 'API Key Required',
  err: { kind: 'UNAUTHORIZED', source: 'guardApiKey' },
  req: { path: 'GET /json/version' },
  level: 'warn',
  timestamp: '2024-03-20T20:27:25.053Z'
}
{
  message: 'API Key Required',
  err: { kind: 'UNAUTHORIZED', source: 'guardApiKey' },
  req: { path: 'GET /json/version' },
  level: 'warn',
  timestamp: '2024-03-20T20:27:25.054Z'
}
{
  message: 'API Key Required',
  err: { kind: 'UNAUTHORIZED', source: 'guardApiKey' },
  req: { path: 'GET /json/list' },
  level: 'warn',
  timestamp: '2024-03-20T20:27:25.055Z'
}
{
  message: 'API Key Required',
  err: { kind: 'UNAUTHORIZED', source: 'guardApiKey' },
  req: { path: 'GET /json/list' },
  level: 'warn',
  timestamp: '2024-03-20T20:27:25.056Z'
}
{
  message: 'API Key Required',
  err: { kind: 'UNAUTHORIZED', source: 'guardApiKey' },
  req: { path: 'GET /json/version' },
  level: 'warn',
  timestamp: '2024-03-20T20:27:25.267Z'
}
{
  message: 'API Key Required',
  err: { kind: 'UNAUTHORIZED', source: 'guardApiKey' },
  req: { path: 'GET /json/version' },
  level: 'warn',
  timestamp: '2024-03-20T20:27:25.269Z'
}
{
  message: 'API Key Required',
  err: { kind: 'UNAUTHORIZED', source: 'guardApiKey' },
  req: { path: 'GET /json/list' },
  level: 'warn',
  timestamp: '2024-03-20T20:27:25.270Z'
}
{
  message: 'API Key Required',
  err: { kind: 'UNAUTHORIZED', source: 'guardApiKey' },
  req: { path: 'GET /json/list' },
  level: 'warn',
  timestamp: '2024-03-20T20:27:25.272Z'
}
{
  message: 'API Key Required',
  err: { kind: 'UNAUTHORIZED', source: 'guardApiKey' },
  req: { path: 'GET /json/list' },
  level: 'warn',
  timestamp: '2024-03-20T20:27:25.486Z'
}
{
  message: 'API Key Required',
  err: { kind: 'UNAUTHORIZED', source: 'guardApiKey' },
  req: { path: 'GET /json/version' },
  level: 'warn',
  timestamp: '2024-03-20T20:27:25.487Z'
}
{
  message: 'API Key Required',
  err: { kind: 'UNAUTHORIZED', source: 'guardApiKey' },
  req: { path: 'GET /json/version' },
  level: 'warn',
  timestamp: '2024-03-20T20:27:25.489Z'
}
{
  message: 'API Key Required',
  err: { kind: 'UNAUTHORIZED', source: 'guardApiKey' },
  req: { path: 'GET /json/list' },
  level: 'warn',
  timestamp: '2024-03-20T20:27:25.490Z'
}
{
  message: 'API Key Required',
  err: { kind: 'UNAUTHORIZED', source: 'guardApiKey' },
  req: { path: 'GET /json/version' },
  level: 'warn',
  timestamp: '2024-03-20T20:27:25.706Z'
}
{
  message: 'API Key Required',
  err: { kind: 'UNAUTHORIZED', source: 'guardApiKey' },
  req: { path: 'GET /json/version' },
  level: 'warn',
  timestamp: '2024-03-20T20:27:25.708Z'
}
{
  message: 'API Key Required',
  err: { kind: 'UNAUTHORIZED', source: 'guardApiKey' },
  req: { path: 'GET /json/list' },
  level: 'warn',
  timestamp: '2024-03-20T20:27:25.709Z'
}
{
  message: 'API Key Required',
  err: { kind: 'UNAUTHORIZED', source: 'guardApiKey' },
  req: { path: 'GET /json/list' },
  level: 'warn',
  timestamp: '2024-03-20T20:27:25.711Z'
}
{
  message: 'API Key Required',
  err: { kind: 'UNAUTHORIZED', source: 'guardApiKey' },
  req: { path: 'GET /json/version' },
  level: 'warn',
  timestamp: '2024-03-20T20:27:25.931Z'
}
{
  message: 'API Key Required',
  err: { kind: 'UNAUTHORIZED', source: 'guardApiKey' },
  req: { path: 'GET /json/version' },
  level: 'warn',
  timestamp: '2024-03-20T20:27:25.933Z'
}
{
  message: 'API Key Required',
  err: { kind: 'UNAUTHORIZED', source: 'guardApiKey' },
  req: { path: 'GET /json/list' },
  level: 'warn',
  timestamp: '2024-03-20T20:27:25.936Z'
}
{
  message: 'API Key Required',
  err: { kind: 'UNAUTHORIZED', source: 'guardApiKey' },
  req: { path: 'GET /json/list' },
  level: 'warn',
  timestamp: '2024-03-20T20:27:25.939Z'
}
{
  message: 'API Key Required',
  err: { kind: 'UNAUTHORIZED', source: 'guardApiKey' },
  req: { path: 'GET /json/version' },
  level: 'warn',
  timestamp: '2024-03-20T20:27:26.147Z'
}
{
  message: 'API Key Required',
  err: { kind: 'UNAUTHORIZED', source: 'guardApiKey' },
  req: { path: 'GET /json/version' },
  level: 'warn',
  timestamp: '2024-03-20T20:27:26.148Z'
}
{
  message: 'API Key Required',
  err: { kind: 'UNAUTHORIZED', source: 'guardApiKey' },
  req: { path: 'GET /json/list' },
  level: 'warn',
  timestamp: '2024-03-20T20:27:26.149Z'
}
{
  message: 'API Key Required',
  err: { kind: 'UNAUTHORIZED', source: 'guardApiKey' },
  req: { path: 'GET /json/list' },
  level: 'warn',
  timestamp: '2024-03-20T20:27:26.150Z'
}
{
  message: 'API Key Required',
  err: { kind: 'UNAUTHORIZED', source: 'guardApiKey' },
  req: { path: 'GET /json/version' },
  level: 'warn',
  timestamp: '2024-03-20T20:27:26.369Z'
}
{
  message: 'API Key Required',
  err: { kind: 'UNAUTHORIZED', source: 'guardApiKey' },
  req: { path: 'GET /json/version' },
  level: 'warn',
  timestamp: '2024-03-20T20:27:26.369Z'
}
{
  message: 'API Key Required',
  err: { kind: 'UNAUTHORIZED', source: 'guardApiKey' },
  req: { path: 'GET /json/list' },
  level: 'warn',
  timestamp: '2024-03-20T20:27:26.371Z'
}
{
  message: 'API Key Required',
  err: { kind: 'UNAUTHORIZED', source: 'guardApiKey' },
  req: { path: 'GET /json/list' },
  level: 'warn',
  timestamp: '2024-03-20T20:27:26.372Z'
}
{
  message: 'Listening on 3000, development environment',
  level: 'info',
  timestamp: '2024-03-20T20:27:55.873Z'
}
{
  message: 'Listening on 3000, development environment',
  level: 'info',
  timestamp: '2024-03-20T20:29:35.744Z'
}
{
  message: 'Listening on 3000, development environment',
  level: 'info',
  timestamp: '2024-03-20T20:29:41.416Z'
}
{
  message: 'Listening on 3000, development environment',
  level: 'info',
  timestamp: '2024-03-20T20:29:49.204Z'
}
{
  message: 'Listening on 3000, development environment',
  level: 'info',
  timestamp: '2024-03-20T20:29:56.407Z'
}
{
  message: 'Listening on 3000, development environment',
  level: 'info',
  timestamp: '2024-03-20T20:30:03.415Z'
}
{
  message: 'Listening on 3000, development environment',
  level: 'info',
  timestamp: '2024-03-20T20:30:16.264Z'
}
{
  message: 'Listening on 3000, development environment',
  level: 'info',
  timestamp: '2024-03-20T20:30:31.014Z'
}
{
  message: 'Listening on 3000, development environment',
  level: 'info',
  timestamp: '2024-03-20T20:30:44.583Z'
}
{
  message: 'Listening on 3000, development environment',
  level: 'info',
  timestamp: '2024-03-20T20:30:58.311Z'
}
{
  message: 'Listening on 3000, development environment',
  level: 'info',
  timestamp: '2024-03-20T20:31:46.972Z'
}
{
  message: 'Listening on 3000, development environment',
  level: 'info',
  timestamp: '2024-03-20T20:32:02.821Z'
}
{
  message: 'Listening on 3000, development environment',
  level: 'info',
  timestamp: '2024-03-20T20:32:21.560Z'
}
{
  message: 'Listening on 3000, development environment',
  level: 'info',
  timestamp: '2024-03-20T20:32:53.241Z'
}
{
  message: 'Listening on 3000, development environment',
  level: 'info',
  timestamp: '2024-03-20T20:34:10.652Z'
}
{
  message: 'Listening on 3000, development environment',
  level: 'info',
  timestamp: '2024-03-20T20:34:22.739Z'
}
{
  message: 'Listening on 3000, development environment',
  level: 'info',
  timestamp: '2024-03-20T20:34:28.580Z'
}
{
  message: 'Listening on 3000, development environment',
  level: 'info',
  timestamp: '2024-03-20T22:25:15.417Z'
}
{
  message: 'Listening on 3000, development environment',
  level: 'info',
  timestamp: '2024-03-20T22:27:40.126Z'
}
{
  message: 'Listening on 3000, development environment',
  level: 'info',
  timestamp: '2024-03-20T22:27:49.465Z'
}
{
  message: 'Listening on 3000, development environment',
  level: 'info',
  timestamp: '2024-03-20T22:28:20.153Z'
}
{
  message: 'Listening on 3000, development environment',
  level: 'info',
  timestamp: '2024-03-20T22:28:33.717Z'
}
{
  message: 'Listening on 3000, development environment',
  level: 'info',
  timestamp: '2024-03-20T22:28:57.560Z'
}
{
  message: 'API Key Required',
  err: { kind: 'UNAUTHORIZED', source: 'guardApiKey' },
  req: { path: 'POST /v1/credentials/login' },
  level: 'warn',
  timestamp: '2024-03-20T22:29:12.194Z'
}
{
  message: 'Listening on 3000, development environment',
  level: 'info',
  timestamp: '2024-03-20T22:29:31.705Z'
}
{
  message: 'Listening on 3000, development environment',
  level: 'info',
  timestamp: '2024-03-20T22:29:53.906Z'
}
{
  message: 'Listening on 3000, development environment',
  level: 'info',
  timestamp: '2024-03-20T22:30:08.381Z'
}
{
  message: 'Listening on 3000, development environment',
  level: 'info',
  timestamp: '2024-03-20T22:30:16.941Z'
}
{
  message: 'Listening on 3000, development environment',
  level: 'info',
  timestamp: '2024-03-20T22:30:22.348Z'
}
{
  message: 'Listening on 3000, development environment',
  level: 'info',
  timestamp: '2024-03-20T22:30:31.583Z'
}
{
  message: 'Listening on 3000, development environment',
  level: 'info',
  timestamp: '2024-03-20T22:30:33.598Z'
}
{
  message: 'Listening on 3000, development environment',
  level: 'info',
  timestamp: '2024-03-20T22:30:47.851Z'
}
{
  message: 'User not found!',
  err: { kind: 'NOT_FOUND', source: 'credentials.service.userGetByEmail' },
  req: {
    path: 'POST /v1/credentials/login',
    body: {
      email: '@denemil.com',
      password: '0cea5e938d5c9db6053cb9d1ac6bcefa86ecc331a3d345832b94db1c9043fc27'
    }
  },
  level: 'warn',
  timestamp: '2024-03-20T22:30:49.801Z'
}
{
  message: 'Listening on 3000, development environment',
  level: 'info',
  timestamp: '2024-03-20T22:31:28.315Z'
}
{
  message: 'Listening on 3000, development environment',
  level: 'info',
  timestamp: '2024-03-20T22:31:34.790Z'
}
{
  message: 'Listening on 3000, development environment',
  level: 'info',
  timestamp: '2024-03-20T22:31:38.837Z'
}
{
  message: 'User not found!',
  err: { kind: 'NOT_FOUND', source: 'credentials.service.userGetByEmail' },
  req: {
    path: 'POST /v1/credentials/login',
    body: {
      email: '@denemil.com',
      password: '0cea5e938d5c9db6053cb9d1ac6bcefa86ecc331a3d345832b94db1c9043fc27'
    }
  },
  level: 'warn',
  timestamp: '2024-03-20T22:31:40.828Z'
}
{
  message: 'Listening on 3000, development environment',
  level: 'info',
  timestamp: '2024-03-20T22:32:15.161Z'
}
{
  message: 'Listening on 3000, development environment',
  level: 'info',
  timestamp: '2024-03-20T22:32:28.165Z'
}
{
  message: 'User not found!',
  err: { kind: 'NOT_FOUND', source: 'credentials.service.userGetByEmail' },
  req: {
    path: 'POST /v1/credentials/login',
    body: {
      email: '@denemil.com',
      password: '0cea5e938d5c9db6053cb9d1ac6bcefa86ecc331a3d345832b94db1c9043fc27'
    }
  },
  level: 'warn',
  timestamp: '2024-03-20T22:33:02.025Z'
}
{
  message: 'Listening on 3000, development environment',
  level: 'info',
  timestamp: '2024-03-20T22:33:35.486Z'
}
{
  message: 'Listening on 3000, development environment',
  level: 'info',
  timestamp: '2024-03-20T22:33:47.516Z'
}
{
  message: 'ValidationError is not defined',
  err: {
    kind: 'UNAUTHORIZED',
    source: 'at C:\\Users\\malpy\\Desktop\\Yeni klasör\\NodeJS-API\\app\\middleware\\controller.middleware.js:15:30'
  },
  req: {
    path: 'POST /v1/credentials/login',
    body: {
      email: '@denemil.com',
      password: '0cea5e938d5c9db6053cb9d1ac6bcefa86ecc331a3d345832b94db1c9043fc27'
    }
  },
  level: 'warn',
  timestamp: '2024-03-20T22:34:02.289Z'
}
{
  message: 'Listening on 3000, development environment',
  level: 'info',
  timestamp: '2024-03-20T22:34:10.125Z'
}
{
  message: 'Listening on 3000, development environment',
  level: 'info',
  timestamp: '2024-03-20T22:34:43.422Z'
}
{
  message: 'User not found!',
  err: { kind: 'NOT_FOUND', source: 'credentials.service.userGetByEmail' },
  req: {
    path: 'POST /v1/credentials/login',
    body: {
      email: '@denemil.com',
      password: '0cea5e938d5c9db6053cb9d1ac6bcefa86ecc331a3d345832b94db1c9043fc27'
    }
  },
  level: 'warn',
  timestamp: '2024-03-20T22:35:07.005Z'
}
{
  message: 'User not found!',
  err: { kind: 'NOT_FOUND', source: 'credentials.service.userGetByEmail' },
  req: {
    path: 'POST /v1/credentials/login',
    body: {
      email: '@denemil.com',
      password: '0cea5e938d5c9db6053cb9d1ac6bcefa86ecc331a3d345832b94db1c9043fc27'
    }
  },
  level: 'warn',
  timestamp: '2024-03-20T22:36:17.037Z'
}
{
  message: 'Listening on 3000, development environment',
  level: 'info',
  timestamp: '2024-03-20T22:36:32.333Z'
}
{
  message: 'Validation Error',
  err: { kind: 'UNPROCESSABLE_ENTITY', source: 'express-validator' },
  req: {
    path: 'POST /v1/credentials/login',
    body: {
      email: '@denemil.com',
      password: '0cea5e938d5c9db6053cb9d1ac6bcefa86ecc331a3d345832b94db1c9043fc27'
    }
  },
  level: 'warn',
  timestamp: '2024-03-20T22:37:34.222Z'
}
{
  message: 'Validation Error',
  err: { kind: 'UNPROCESSABLE_ENTITY', source: 'express-validator' },
  req: {
    path: 'POST /v1/credentials/login',
    body: {
      email: '@denemil.com',
      password: '0cea5e938d5c9db6053cb9d1ac6bcefa86ecc331a3d345832b94db1c9043fc27'
    }
  },
  level: 'warn',
  timestamp: '2024-03-20T22:38:06.238Z'
}
{
  message: 'Listening on 3000, development environment',
  level: 'info',
  timestamp: '2024-03-20T22:38:49.496Z'
}
{
  message: 'Validation Error',
  err: { kind: 'UNPROCESSABLE_ENTITY', source: 'express-validator' },
  req: {
    path: 'POST /v1/credentials/login',
    body: {
      email: '@denemil.com',
      password: '0cea5e938d5c9db6053cb9d1ac6bcefa86ecc331a3d345832b94db1c9043fc27'
    }
  },
  level: 'warn',
  timestamp: '2024-03-20T22:38:56.382Z'
}
{
  message: 'Listening on 3000, development environment',
  level: 'info',
  timestamp: '2024-03-20T22:43:58.381Z'
}
{
  message: 'Validation Error',
  err: { kind: 'UNPROCESSABLE_ENTITY', source: 'express-validator' },
  req: {
    path: 'POST /v1/credentials/login',
    body: {
      email: '@denemil.com',
      password: '0cea5e938d5c9db6053cb9d1ac6bcefa86ecc331a3d345832b94db1c9043fc27'
    }
  },
  level: 'warn',
  timestamp: '2024-03-20T22:44:00.908Z'
}
{
  message: 'Listening on 3000, development environment',
  level: 'info',
  timestamp: '2024-03-20T22:44:50.064Z'
}
{
  message: 'Validation Error',
  err: { kind: 'UNPROCESSABLE_ENTITY', source: 'express-validator' },
  req: {
    path: 'POST /v1/credentials/login',
    body: {
      email: '@denemil.com',
      password: '0cea5e938d5c9db6053cb9d1ac6bcefa86ecc331a3d345832b94db1c9043fc27'
    }
  },
  level: 'warn',
  timestamp: '2024-03-20T22:44:59.155Z'
}
{
  message: 'Validation Error',
  err: { kind: 'UNPROCESSABLE_ENTITY', source: 'express-validator' },
  req: {
    path: 'POST /v1/credentials/login',
    body: {
      email: '@denemil.com',
      password: '0cea5e938d5c9db6053cb9d1ac6bcefa86ecc331a3d345832b94db1c9043fc27'
    }
  },
  level: 'warn',
  timestamp: '2024-03-20T22:45:17.915Z'
}
{
  message: 'Listening on 3000, development environment',
  level: 'info',
  timestamp: '2024-03-20T22:45:58.999Z'
}
{
  message: 'User not found!',
  err: { kind: 'NOT_FOUND', source: 'credentials.service.userGetByEmail' },
  req: {
    path: 'POST /v1/credentials/login',
    body: {
      email: 'denemil.com',
      password: '0cea5e938d5c9db6053cb9d1ac6bcefa86ecc331a3d345832b94db1c9043fc27'
    }
  },
  level: 'warn',
  timestamp: '2024-03-20T22:46:01.144Z'
}
{
  message: 'Listening on 3000, development environment',
  level: 'info',
  timestamp: '2024-03-20T22:46:08.056Z'
}
{
  message: 'Listening on 3000, development environment',
  level: 'info',
  timestamp: '2024-03-20T22:46:23.936Z'
}
{
  message: 'User not found!',
  err: { kind: 'NOT_FOUND', source: 'credentials.service.userGetByEmail' },
  req: {
    path: 'POST /v1/credentials/login',
    body: {
      email: 'denemil.com',
      password: '0cea5e938d5c9db6053cb9d1ac6bcefa86ecc331a3d345832b94db1c9043fc27'
    }
  },
  level: 'warn',
  timestamp: '2024-03-20T22:46:25.938Z'
}
{
  message: 'Listening on 3000, development environment',
  level: 'info',
  timestamp: '2024-03-20T22:46:34.378Z'
}
{
  message: 'Listening on 3000, development environment',
  level: 'info',
  timestamp: '2024-03-20T22:47:28.376Z'
}
{
  message: 'Validation Error',
  err: { kind: 'UNPROCESSABLE_ENTITY', source: 'express-validator' },
  req: {
    path: 'POST /v1/credentials/login',
    body: {
      email: '@denemil.com',
      password: '0cea5e938d5c9db6053cb9d1ac6bcefa86ecc331a3d345832b94db1c9043fc27'
    }
  },
  level: 'warn',
  timestamp: '2024-03-20T22:47:40.886Z'
}
{
  message: 'Listening on 3000, development environment',
  level: 'info',
  timestamp: '2024-03-20T22:47:58.574Z'
}
{
  message: 'User not found!',
  err: { kind: 'NOT_FOUND', source: 'credentials.service.userGetByEmail' },
  req: {
    path: 'POST /v1/credentials/login',
    body: {
      email: 'denemil.com',
      password: '0cea5e938d5c9db6053cb9d1ac6bcefa86ecc331a3d345832b94db1c9043fc27'
    }
  },
  level: 'warn',
  timestamp: '2024-03-20T22:48:06.226Z'
}
{
  message: 'Listening on 3000, development environment',
  level: 'info',
  timestamp: '2024-03-20T22:48:09.729Z'
}
{
  message: 'Listening on 3000, development environment',
  level: 'info',
  timestamp: '2024-03-20T22:48:19.398Z'
}
{
  message: 'Listening on 3000, development environment',
  level: 'info',
  timestamp: '2024-03-20T22:48:26.485Z'
}
{
  message: 'Listening on 3000, development environment',
  level: 'info',
  timestamp: '2024-03-20T22:48:46.246Z'
}
{
  message: 'Validation Error',
  err: { kind: 'UNPROCESSABLE_ENTITY', source: 'express-validator' },
  req: {
    path: 'POST /v1/credentials/login',
    body: {
      email: '@denemil.com',
      password: '15a1121776d900591d3e700525b1a0acc899bddf3ef3d323051518d008c24054'
    }
  },
  level: 'warn',
  timestamp: '2024-03-20T22:48:54.047Z'
}
{
  message: 'Listening on 3000, development environment',
  level: 'info',
  timestamp: '2024-03-20T22:49:12.014Z'
}
{
  message: 'Validation Error',
  err: { kind: 'UNPROCESSABLE_ENTITY', source: 'express-validator' },
  req: {
    path: 'POST /v1/credentials/login',
    body: {
      email: '@denemil.com',
      password: '8456dabc26bd656442616b94a78f6ea7a6404a9b57f644e04d3f8fc41f0cd496'
    }
  },
  level: 'warn',
  timestamp: '2024-03-20T22:50:51.452Z'
}
{
  message: 'Validation Error',
  err: { kind: 'UNPROCESSABLE_ENTITY', source: 'express-validator' },
  req: {
    path: 'POST /v1/credentials/login',
    body: {
      email: 'deneme@deneme.com',
      password: '8456dabc26bd656442616b94a78f6ea7a6404a9b57f644e04d3f8fc41f0cd496'
    }
  },
  level: 'warn',
  timestamp: '2024-03-20T22:51:06.223Z'
}
{
  message: 'Validation Error',
  err: { kind: 'UNPROCESSABLE_ENTITY', source: 'express-validator' },
  req: {
    path: 'POST /v1/credentials/login',
    body: {
      email: 'deneme@deneme.com',
      password: '8456dabc26bd656442616b94a78f6ea7a6404a9b57f644e04d3f8fc41f0cd496'
    }
  },
  level: 'warn',
  timestamp: '2024-03-20T22:51:32.936Z'
}
{
  message: 'Listening on 3000, development environment',
  level: 'info',
  timestamp: '2024-03-20T22:52:13.706Z'
}
{
  message: 'Invalid credentials',
  err: { kind: 'FORBIDDEN', source: 'credentials.service.login' },
  req: {
    path: 'POST /v1/credentials/login',
    body: {
      email: 'deneme@deneme.com',
      password: '8456dabc26bd656442616b94a78f6ea7a6404a9b57f644e04d3f8fc41f0cd496'
    }
  },
  level: 'warn',
  timestamp: '2024-03-20T22:52:23.314Z'
}
{
  message: 'Validation Error',
  err: { kind: 'UNPROCESSABLE_ENTITY', source: 'express-validator' },
  req: {
    path: 'POST /v1/credentials/login',
    body: {
      email: '@denemeneme.com',
      password: '8456dabc26bd656442616b94a78f6ea7a6404a9b57f644e04d3f8fc41f0cd496'
    }
  },
  level: 'warn',
  timestamp: '2024-03-20T22:52:40.188Z'
}
{
  message: 'Listening on 3000, development environment',
  level: 'info',
  timestamp: '2024-03-20T22:52:52.173Z'
}
{
  message: 'Validation Error',
  err: { kind: 'UNPROCESSABLE_ENTITY', source: 'express-validator' },
  req: {
    path: 'POST /v1/credentials/login',
    body: {
      email: '@denemeneme.com',
      password: '8456dabc26bd656442616b94a78f6ea7a6404a9b57f644e04d3f8fc41f0cd496'
    }
  },
  level: 'warn',
  timestamp: '2024-03-20T22:52:57.231Z'
}
{
  message: 'Listening on 3000, development environment',
  level: 'info',
  timestamp: '2024-03-20T22:53:20.224Z'
}
{
  message: 'Validation Error',
  err: { kind: 'UNPROCESSABLE_ENTITY', source: 'express-validator' },
  req: {
    path: 'POST /v1/credentials/login',
    body: {
      email: '@denemeneme.com',
      password: '8456dabc26bd656442616b94a78f6ea7a6404a9b57f644e04d3f8fc41f0cd496'
    }
  },
  level: 'warn',
  timestamp: '2024-03-20T22:53:21.968Z'
}
{
  message: 'Listening on 3000, development environment',
  level: 'info',
  timestamp: '2024-03-20T22:54:07.052Z'
}
{
  message: 'Listening on 3000, development environment',
  level: 'info',
  timestamp: '2024-03-20T22:54:15.787Z'
}
{
  message: 'Listening on 3000, development environment',
  level: 'info',
  timestamp: '2024-03-20T22:54:19.006Z'
}
{
  message: 'Listening on 3000, development environment',
  level: 'info',
  timestamp: '2024-03-20T22:54:36.294Z'
}
{
  message: 'Validation Error',
  err: { kind: 'UNPROCESSABLE_ENTITY', source: 'express-validator' },
  req: {
    path: 'POST /v1/credentials/login',
    body: {
      email: '@denemeneme.com',
      password: '8456dabc26bd656442616b94a78f6ea7a6404a9b57f644e04d3f8fc41f0cd496',
      name: 'a'
    }
  },
  level: 'warn',
  timestamp: '2024-03-20T22:54:56.235Z'
}
{
  message: 'Listening on 3000, development environment',
  level: 'info',
  timestamp: '2024-03-20T22:55:06.117Z'
}
{
  message: 'Listening on 3000, development environment',
  level: 'info',
  timestamp: '2024-03-20T22:55:29.101Z'
}
{
  message: 'Listening on 3000, development environment',
  level: 'info',
  timestamp: '2024-03-20T22:55:31.405Z'
}
{
  message: 'Validation Error',
  err: { kind: 'UNPROCESSABLE_ENTITY', source: 'express-validator' },
  req: {
    path: 'POST /v1/credentials/login',
    body: {
      email: '@denemeneme.com',
      password: '8456dabc26bd656442616b94a78f6ea7a6404a9b57f644e04d3f8fc41f0cd496',
      name: 'a'
    }
  },
  level: 'warn',
  timestamp: '2024-03-20T22:55:33.064Z'
}
{
  message: 'Validation Error',
  err: { kind: 'UNPROCESSABLE_ENTITY', source: 'express-validator' },
  req: {
    path: 'POST /v1/credentials/login',
    body: {
      email: '@denemeneme.com',
      password: '8456dabc26bd656442616b94a78f6ea7a6404a9b57f644e04d3f8fc41f0cd496',
      name: 'a'
    }
  },
  level: 'warn',
  timestamp: '2024-03-20T22:55:41.565Z'
}
{
  message: 'Validation Error',
  err: { kind: 'UNPROCESSABLE_ENTITY', source: 'express-validator' },
  req: {
    path: 'POST /v1/credentials/login',
    body: {
      email: '@denemeneme.com',
      password: '8456dabc26bd656442616b94a78f6ea7a6404a9b57f644e04d3f8fc41f0cd496',
      name: 'a'
    }
  },
  level: 'warn',
  timestamp: '2024-03-20T22:55:49.121Z'
}
{
  message: 'Listening on 3000, development environment',
  level: 'info',
  timestamp: '2024-03-20T22:55:58.316Z'
}
{
  message: 'Validation Error',
  err: { kind: 'UNPROCESSABLE_ENTITY', source: 'express-validator' },
  req: {
    path: 'POST /v1/credentials/register',
    body: {
      email: '@denemeneme.com',
      password: '8456dabc26bd656442616b94a78f6ea7a6404a9b57f644e04d3f8fc41f0cd496',
      name: 'a'
    }
  },
  level: 'warn',
  timestamp: '2024-03-20T22:56:00.205Z'
}
{
  message: 'Validation Error',
  err: { kind: 'UNPROCESSABLE_ENTITY', source: 'express-validator' },
  req: {
    path: 'POST /v1/credentials/register',
    body: {
      email: '@denemeneme.com',
      password: '8456dabc26bd656442616b94a78f6ea7a6404a9b57f644e04d3f8fc41f0cd496',
      name: 'a'
    }
  },
  level: 'warn',
  timestamp: '2024-03-20T22:56:07.433Z'
}
{
  message: 'Listening on 3000, development environment',
  level: 'info',
  timestamp: '2024-03-20T22:58:34.827Z'
}
{
  message: 'Validation Error',
  err: { kind: 'UNPROCESSABLE_ENTITY', source: 'express-validator' },
  req: {
    path: 'POST /v1/credentials/register',
    body: {
      email: '@denemeneme.com',
      password: '8456dabc26bd656442616b94a78f6ea7a6404a9b57f644e04d3f8fc41f0cd496',
      name: 'a'
    }
  },
  level: 'warn',
  timestamp: '2024-03-20T22:58:37.402Z'
}
{
  message: 'Validation Error',
  err: { kind: 'UNPROCESSABLE_ENTITY', source: 'express-validator' },
  req: {
    path: 'POST /v1/credentials/login',
    body: {
      email: '@denemeneme.com',
      password: '8456dabc26bd656442616b94a78f6ea7a6404a9b57f644e04d3f8fc41f0cd496',
      name: 'a'
    }
  },
  level: 'warn',
  timestamp: '2024-03-20T22:58:48.434Z'
}
{
  message: 'Validation Error',
  err: { kind: 'UNPROCESSABLE_ENTITY', source: 'express-validator' },
  req: {
    path: 'POST /v1/credentials/login',
    body: {
      email: '@denemeneme.com',
      password: '8456dabc26bd656442616b94a78f6ea7a6404a9b57f644e04d3f8fc41f0cd496'
    }
  },
  level: 'warn',
  timestamp: '2024-03-20T22:58:53.431Z'
}
{
  message: 'Validation Error',
  err: { kind: 'UNPROCESSABLE_ENTITY', source: 'express-validator' },
  req: {
    path: 'POST /v1/credentials/register',
    body: {
      email: 'deneme@deneme.com',
      password: '8456dabc26bd656442616b94a78f6ea7a6404a9b57f644e04d3f8fc41f0cd496',
      name: 'a'
    }
  },
  level: 'warn',
  timestamp: '2024-03-20T22:59:17.886Z'
}
{
  message: 'Unexpected token } in JSON at position 37',
  err: { kind: 'UNAUTHORIZED', source: 'express-jwt' },
  req: { path: 'POST /v1/credentials/login' },
  level: 'warn',
  timestamp: '2024-03-20T22:59:46.177Z'
}
{
  message: 'Invalid credentials',
  err: { kind: 'FORBIDDEN', source: 'credentials.service.login' },
  req: {
    path: 'POST /v1/credentials/login',
    body: {
      email: 'deneme@gmail.com',
      password: '61307f3fa6c689a8c069bb673a90c7b6feb60945a373e5af2158976becc059f0'
    }
  },
  level: 'warn',
  timestamp: '2024-03-20T22:59:57.258Z'
}
{
  message: 'User not found!',
  err: { kind: 'NOT_FOUND', source: 'credentials.service.userGetByEmail' },
  req: {
    path: 'POST /v1/credentials/login',
    body: {
      email: 'deneme@ail.com',
      password: '61307f3fa6c689a8c069bb673a90c7b6feb60945a373e5af2158976becc059f0'
    }
  },
  level: 'warn',
  timestamp: '2024-03-20T23:00:02.894Z'
}
{
  message: 'Validation Error',
  err: { kind: 'UNPROCESSABLE_ENTITY', source: 'express-validator' },
  req: {
    path: 'POST /v1/credentials/login',
    body: {
      email: '@denemeail.com',
      password: '61307f3fa6c689a8c069bb673a90c7b6feb60945a373e5af2158976becc059f0'
    }
  },
  level: 'warn',
  timestamp: '2024-03-20T23:00:06.649Z'
}
{
  message: 'Listening on 3000, development environment',
  level: 'info',
  timestamp: '2024-03-20T23:02:26.433Z'
}
{
  message: 'Validation Error',
  err: { kind: 'UNPROCESSABLE_ENTITY', source: 'express-validator' },
  req: {
    path: 'POST /v1/credentials/login',
    body: {
      email: '@denemeail.com',
      password: '61307f3fa6c689a8c069bb673a90c7b6feb60945a373e5af2158976becc059f0'
    }
  },
  level: 'warn',
  timestamp: '2024-03-20T23:02:29.832Z'
}
{
  message: 'Listening on 3000, development environment',
  level: 'info',
  timestamp: '2024-03-20T23:02:43.896Z'
}
{
  message: 'Listening on 3000, development environment',
  level: 'info',
  timestamp: '2024-03-20T23:03:12.959Z'
}
{
  message: 'Validation Error',
  err: { kind: 'UNPROCESSABLE_ENTITY', source: 'express-validator' },
  req: {
    path: 'POST /v1/credentials/register',
    body: {
      email: '@denemeail.com',
      password: '61307f3fa6c689a8c069bb673a90c7b6feb60945a373e5af2158976becc059f0',
      name: 'al'
    }
  },
  level: 'warn',
  timestamp: '2024-03-20T23:03:27.720Z'
}
{
  message: 'Listening on 3000, development environment',
  level: 'info',
  timestamp: '2024-03-20T23:10:34.976Z'
}
{
  message: 'Validation Error',
  err: { kind: 'UNPROCESSABLE_ENTITY', source: 'express-validator' },
  req: {
    path: 'POST /v1/credentials/register',
    body: {
      email: '@denemeail.com',
      password: '61307f3fa6c689a8c069bb673a90c7b6feb60945a373e5af2158976becc059f0',
      name: 'al'
    }
  },
  level: 'warn',
  timestamp: '2024-03-20T23:10:37.291Z'
}
{
  message: 'Listening on 3000, development environment',
  level: 'info',
  timestamp: '2024-03-20T23:10:55.664Z'
}
{
  message: 'Validation Error',
  err: { kind: 'UNPROCESSABLE_ENTITY', source: 'express-validator' },
  req: {
    path: 'POST /v1/credentials/register',
    body: {
      email: '@denemeail.com',
      password: '61307f3fa6c689a8c069bb673a90c7b6feb60945a373e5af2158976becc059f0',
      name: 'al'
    }
  },
  level: 'warn',
  timestamp: '2024-03-20T23:10:58.752Z'
}
{
  message: 'Validation Error',
  err: { kind: 'UNPROCESSABLE_ENTITY', source: 'express-validator' },
  req: {
    path: 'POST /v1/credentials/register',
    body: {
      email: '@denemeail.com',
      password: '61307f3fa6c689a8c069bb673a90c7b6feb60945a373e5af2158976becc059f0',
      name: 'al'
    }
  },
  level: 'warn',
  timestamp: '2024-03-20T23:11:27.905Z'
}
{
  message: 'Listening on 3000, development environment',
  level: 'info',
  timestamp: '2024-03-20T23:12:04.322Z'
}
{
  message: 'Listening on 3000, development environment',
  level: 'info',
  timestamp: '2024-03-20T23:12:25.414Z'
}
{
  message: 'Validation Error',
  err: { kind: 'UNPROCESSABLE_ENTITY', source: 'express-validator' },
  req: {
    path: 'POST /v1/credentials/register',
    body: {
      email: '@denemeail.com',
      password: '61307f3fa6c689a8c069bb673a90c7b6feb60945a373e5af2158976becc059f0',
      name: 'al'
    }
  },
  level: 'warn',
  timestamp: '2024-03-20T23:12:27.687Z'
}
{
  message: 'Validation Error',
  err: { kind: 'UNPROCESSABLE_ENTITY', source: 'express-validator' },
  req: {
    path: 'POST /v1/credentials/register',
    body: {
      email: '@denemeail.com',
      password: '61307f3fa6c689a8c069bb673a90c7b6feb60945a373e5af2158976becc059f0',
      name: 'al'
    }
  },
  level: 'warn',
  timestamp: '2024-03-20T23:12:35.036Z'
}
{
  message: 'Validation Error',
  err: { kind: 'UNPROCESSABLE_ENTITY', source: 'express-validator' },
  req: {
    path: 'POST /v1/credentials/register',
    body: {
      email: '@denemeail.com',
      password: '61307f3fa6c689a8c069bb673a90c7b6feb60945a373e5af2158976becc059f0',
      name: 'al'
    }
  },
  level: 'warn',
  timestamp: '2024-03-20T23:13:06.901Z'
}
{
  message: 'Listening on 3000, development environment',
  level: 'info',
  timestamp: '2024-03-20T23:15:28.997Z'
}
{
  message: 'Validation Error',
  err: { kind: 'UNPROCESSABLE_ENTITY', source: 'express-validator' },
  req: {
    path: 'POST /v1/credentials/register',
    body: {
      email: '@denemeail.com',
      password: '61307f3fa6c689a8c069bb673a90c7b6feb60945a373e5af2158976becc059f0',
      name: 'al'
    }
  },
  level: 'warn',
  timestamp: '2024-03-20T23:16:03.508Z'
}
{
  message: 'Listening on 3000, development environment',
  level: 'info',
  timestamp: '2024-03-20T23:16:22.006Z'
}
{
  message: 'Listening on 3000, development environment',
  level: 'info',
  timestamp: '2024-03-20T23:16:28.383Z'
}
{
  message: 'Validation Error',
  err: { kind: 'UNPROCESSABLE_ENTITY', source: 'express-validator' },
  req: {
    path: 'POST /v1/credentials/register',
    body: {
      email: '@denemeail.com',
      password: '61307f3fa6c689a8c069bb673a90c7b6feb60945a373e5af2158976becc059f0',
      name: 'al'
    }
  },
  level: 'warn',
  timestamp: '2024-03-20T23:17:59.515Z'
}
{
  message: 'Validation Error',
  err: { kind: 'UNPROCESSABLE_ENTITY', source: 'express-validator' },
  req: {
    path: 'POST /v1/credentials/register',
    body: {
      email: '@denemeail.com',
      password: '61307f3fa6c689a8c069bb673a90c7b6feb60945a373e5af2158976becc059f0',
      name: 'al'
    }
  },
  level: 'warn',
  timestamp: '2024-03-20T23:18:05.294Z'
}
{
  message: 'Validation Error',
  err: { kind: 'UNPROCESSABLE_ENTITY', source: 'express-validator' },
  req: {
    path: 'POST /v1/credentials/register',
    body: {
      email: '@denemeail.com',
      password: '61307f3fa6c689a8c069bb673a90c7b6feb60945a373e5af2158976becc059f0',
      name: 'al'
    }
  },
  level: 'warn',
  timestamp: '2024-03-20T23:18:10.646Z'
}
{
  message: 'Validation Error',
  err: { kind: 'UNPROCESSABLE_ENTITY', source: 'express-validator' },
  req: {
    path: 'POST /v1/credentials/register',
    body: {
      email: '@denemeail.com',
      password: '61307f3fa6c689a8c069bb673a90c7b6feb60945a373e5af2158976becc059f0',
      name: 'al'
    }
  },
  level: 'warn',
  timestamp: '2024-03-20T23:18:19.411Z'
}
{
  message: 'Listening on 3000, development environment',
  level: 'info',
  timestamp: '2024-03-20T23:24:21.964Z'
}
{
  message: 'Validation Error',
  err: { kind: 'UNPROCESSABLE_ENTITY', source: 'express-validator' },
  req: {
    path: 'POST /v1/credentials/register',
    body: { email: '@denemeail.com', password: '2', name: 'al' }
  },
  level: 'warn',
  timestamp: '2024-03-20T23:24:28.428Z'
}
{
  message: 'Listening on 3000, development environment',
  level: 'info',
  timestamp: '2024-03-20T23:24:52.483Z'
}
{
  message: 'Listening on 3000, development environment',
  level: 'info',
  timestamp: '2024-03-20T23:25:05.532Z'
}
{
  message: 'Listening on 3000, development environment',
  level: 'info',
  timestamp: '2024-03-20T23:25:31.426Z'
}
{
  message: 'Validation Error',
  err: { kind: 'UNPROCESSABLE_ENTITY', source: 'express-validator' },
  req: {
    path: 'POST /v1/credentials/login',
    body: {
      email: '@denemeail.com',
      password: '61307f3fa6c689a8c069bb673a90c7b6feb60945a373e5af2158976becc059f0'
    }
  },
  level: 'warn',
  timestamp: '2024-03-20T23:25:38.581Z'
}
{
  message: 'Validation Error',
  err: { kind: 'UNPROCESSABLE_ENTITY', source: 'express-validator' },
  req: {
    path: 'POST /v1/credentials/login',
    body: {
      email: '@denemeail.com',
      password: '61307f3fa6c689a8c069bb673a90c7b6feb60945a373e5af2158976becc059f0'
    }
  },
  level: 'warn',
  timestamp: '2024-03-20T23:25:53.744Z'
}
{
  message: 'Validation Error',
  err: { kind: 'UNPROCESSABLE_ENTITY', source: 'express-validator' },
  req: {
    path: 'POST /v1/credentials/login',
    body: {
      email: '@denemeail.com',
      password: '8263abd977b6e3adc487e22d79af13753c26124540b8af1ea3157a2f41617851'
    }
  },
  level: 'warn',
  timestamp: '2024-03-20T23:26:00.727Z'
}
{
  message: 'Validation Error',
  err: { kind: 'UNPROCESSABLE_ENTITY', source: 'express-validator' },
  req: {
    path: 'POST /v1/credentials/login',
    body: {
      email: 'deneme@gmail.com',
      password: '8456dabc26bd656442616b94a78f6ea7a6404a9b57f644e04d3f8fc41f0cd496'
    }
  },
  level: 'warn',
  timestamp: '2024-03-20T23:26:09.462Z'
}
{
  message: 'Invalid credentials',
  err: { kind: 'FORBIDDEN', source: 'credentials.service.login' },
  req: {
    path: 'POST /v1/credentials/login',
    body: {
      email: 'deneme@deneme.com',
      password: 'b5666f081c2f08892154cfb7c2705ed5efa2dbf7c6126c741d49eeec6ffec8f2'
    }
  },
  level: 'warn',
  timestamp: '2024-03-20T23:26:18.889Z'
}
{
  message: 'Validation Error',
  err: { kind: 'UNPROCESSABLE_ENTITY', source: 'express-validator' },
  req: {
    path: 'POST /v1/credentials/register',
    body: {
      email: 'deneme@deneme.com',
      password: 'b5666f081c2f08892154cfb7c2705ed5efa2dbf7c6126c741d49eeec6ffec8f2',
      name: 'alpalpalp'
    }
  },
  level: 'warn',
  timestamp: '2024-03-20T23:26:33.328Z'
}
{
  message: 'Invalid credentials',
  err: { kind: 'FORBIDDEN', source: 'credentials.service.login' },
  req: {
    path: 'POST /v1/credentials/login',
    body: {
      email: 'deneme2@deneme.com',
      password: '5658f8baa449b5f47dd72c4f4bfa464b9e1e2ba6de400a6251dc81bdd5485033'
    }
  },
  level: 'warn',
  timestamp: '2024-03-20T23:26:52.205Z'
}
{
  message: 'Listening on 3000, development environment',
  level: 'info',
  timestamp: '2024-03-20T23:27:08.232Z'
}
{
  message: 'Invalid credentials',
  err: { kind: 'FORBIDDEN', source: 'credentials.service.login' },
  req: {
    path: 'POST /v1/credentials/login',
    body: {
      email: 'deneme2@deneme.com',
      password: '5658f8baa449b5f47dd72c4f4bfa464b9e1e2ba6de400a6251dc81bdd5485033'
    }
  },
  level: 'warn',
  timestamp: '2024-03-20T23:27:10.884Z'
}
{
  message: 'Listening on 3000, development environment',
  level: 'info',
  timestamp: '2024-03-20T23:27:20.108Z'
}
{
  message: 'Validation Error',
  err: { kind: 'UNPROCESSABLE_ENTITY', source: 'express-validator' },
  req: {
    path: 'POST /v1/credentials/login',
    body: {
      email: 'deneme2@deneme.com',
      password: '7f405d73c7a56dc8a78dea22c9578c82ded4768f23e4261e1cc31b228a301ec8'
    }
  },
  level: 'warn',
  timestamp: '2024-03-20T23:27:20.553Z'
}
{
  message: 'Listening on 3000, development environment',
  level: 'info',
  timestamp: '2024-03-20T23:27:36.041Z'
}
{
  message: 'Listening on 3000, development environment',
  level: 'info',
  timestamp: '2024-03-20T23:27:48.431Z'
}
{
  message: 'Listening on 3000, development environment',
  level: 'info',
  timestamp: '2024-03-20T23:27:58.640Z'
}
{
  message: 'Listening on 3000, development environment',
  level: 'info',
  timestamp: '2024-03-20T23:28:14.139Z'
}
{
  message: 'Listening on 3000, development environment',
  level: 'info',
  timestamp: '2024-03-20T23:28:17.995Z'
}
{
  message: 'Listening on 3000, development environment',
  level: 'info',
  timestamp: '2024-03-20T23:28:28.972Z'
}
{
  message: 'Listening on 3000, development environment',
  level: 'info',
  timestamp: '2024-03-20T23:29:55.511Z'
}
{
  message: 'Listening on 3000, development environment',
  level: 'info',
  timestamp: '2024-03-20T23:30:10.382Z'
}
{
  message: 'Listening on 3000, development environment',
  level: 'info',
  timestamp: '2024-03-20T23:30:16.758Z'
}
{
  message: 'Validation Error',
  err: { kind: 'UNPROCESSABLE_ENTITY', source: 'express-validator' },
  req: {
    path: 'POST /v1/credentials/login',
    body: {
      email: 'deneme2@deneme.com',
      password: '20ac1fa5d25e2170471c0c9d51450cbe9dbb53f973d89e0479614b6491e9917f'
    }
  },
  level: 'warn',
  timestamp: '2024-03-20T23:30:29.421Z'
}
{
  message: 'Listening on 3000, development environment',
  level: 'info',
  timestamp: '2024-03-20T23:30:44.896Z'
}
{
  message: 'Listening on 3000, development environment',
  level: 'info',
  timestamp: '2024-03-20T23:31:05.826Z'
}
{
  message: 'Validation Error',
  err: { kind: 'UNPROCESSABLE_ENTITY', source: 'express-validator' },
  req: {
    path: 'POST /v1/credentials/login',
    body: {
      email: 'deneme2@deneme.com',
      password: '20ac1fa5d25e2170471c0c9d51450cbe9dbb53f973d89e0479614b6491e9917f'
    }
  },
  level: 'warn',
  timestamp: '2024-03-20T23:31:06.476Z'
}
{
  message: 'Listening on 3000, development environment',
  level: 'info',
  timestamp: '2024-03-20T23:32:04.122Z'
}
{
  message: 'err is not defined',
  err: {
    kind: 'UNAUTHORIZED',
    source: 'at C:\\Users\\malpy\\Desktop\\Yeni klasör\\NodeJS-API\\app\\middleware\\controller.middleware.js:17:34'
  },
  req: {
    path: 'POST /v1/credentials/login',
    body: {
      email: 'deneme2@deneme.com',
      password: '20ac1fa5d25e2170471c0c9d51450cbe9dbb53f973d89e0479614b6491e9917f'
    }
  },
  level: 'warn',
  timestamp: '2024-03-20T23:32:08.427Z'
}
{
  message: 'err is not defined',
  err: {
    kind: 'UNAUTHORIZED',
    source: 'at C:\\Users\\malpy\\Desktop\\Yeni klasör\\NodeJS-API\\app\\middleware\\controller.middleware.js:17:34'
  },
  req: {
    path: 'POST /v1/credentials/login',
    body: {
      email: 'deneme2@deneme.com',
      password: '20ac1fa5d25e2170471c0c9d51450cbe9dbb53f973d89e0479614b6491e9917f'
    }
  },
  level: 'warn',
  timestamp: '2024-03-20T23:32:10.061Z'
}
{
  message: 'Listening on 3000, development environment',
  level: 'info',
  timestamp: '2024-03-20T23:32:31.445Z'
}
{
  message: 'err is not defined',
  err: {
    kind: 'UNAUTHORIZED',
    source: 'at C:\\Users\\malpy\\Desktop\\Yeni klasör\\NodeJS-API\\app\\middleware\\controller.middleware.js:17:34'
  },
  req: {
    path: 'POST /v1/credentials/login',
    body: {
      email: 'deneme2@deneme.com',
      password: '20ac1fa5d25e2170471c0c9d51450cbe9dbb53f973d89e0479614b6491e9917f'
    }
  },
  level: 'warn',
  timestamp: '2024-03-20T23:32:32.406Z'
}
{
  message: 'Listening on 3000, development environment',
  level: 'info',
  timestamp: '2024-03-20T23:33:00.840Z'
}
{
  message: 'err is not defined',
  err: {
    kind: 'UNAUTHORIZED',
    source: 'at C:\\Users\\malpy\\Desktop\\Yeni klasör\\NodeJS-API\\app\\middleware\\controller.middleware.js:17:34'
  },
  req: {
    path: 'POST /v1/credentials/login',
    body: {
      email: 'deneme2@deneme.com',
      password: '20ac1fa5d25e2170471c0c9d51450cbe9dbb53f973d89e0479614b6491e9917f'
    }
  },
  level: 'warn',
  timestamp: '2024-03-20T23:33:01.548Z'
}
{
  message: 'err is not defined',
  err: {
    kind: 'UNAUTHORIZED',
    source: 'at C:\\Users\\malpy\\Desktop\\Yeni klasör\\NodeJS-API\\app\\middleware\\controller.middleware.js:17:34'
  },
  req: {
    path: 'POST /v1/credentials/login',
    body: {
      email: 'deneme2@deneme.com',
      password: '20ac1fa5d25e2170471c0c9d51450cbe9dbb53f973d89e0479614b6491e9917f'
    }
  },
  level: 'warn',
  timestamp: '2024-03-20T23:33:02.698Z'
}
{
  message: 'Listening on 3000, development environment',
  level: 'info',
  timestamp: '2024-03-20T23:33:11.899Z'
}
{
  message: 'validationErrors.array is not a function',
  err: {
    kind: 'UNAUTHORIZED',
    source: 'at C:\\Users\\malpy\\Desktop\\Yeni klasör\\NodeJS-API\\app\\middleware\\controller.middleware.js:22:116'
  },
  req: {
    path: 'POST /v1/credentials/login',
    body: {
      email: 'deneme2@deneme.com',
      password: '20ac1fa5d25e2170471c0c9d51450cbe9dbb53f973d89e0479614b6491e9917f'
    }
  },
  level: 'warn',
  timestamp: '2024-03-20T23:33:15.222Z'
}
{
  message: 'Listening on 3000, development environment',
  level: 'info',
  timestamp: '2024-03-20T23:33:25.470Z'
}
{
  message: 'Validation Error',
  err: { kind: 'UNPROCESSABLE_ENTITY', source: 'express-validator' },
  req: {
    path: 'POST /v1/credentials/login',
    body: {
      email: 'deneme2@deneme.com',
      password: '20ac1fa5d25e2170471c0c9d51450cbe9dbb53f973d89e0479614b6491e9917f'
    }
  },
  level: 'warn',
  timestamp: '2024-03-20T23:33:25.853Z'
}
{
  message: 'Validation Error',
  err: { kind: 'UNPROCESSABLE_ENTITY', source: 'express-validator' },
  req: {
    path: 'POST /v1/credentials/login',
    body: {
      email: 'deneme2@deneme.com',
      password: '20ac1fa5d25e2170471c0c9d51450cbe9dbb53f973d89e0479614b6491e9917f'
    }
  },
  level: 'warn',
  timestamp: '2024-03-20T23:33:30.601Z'
}
{
  message: 'Listening on 3000, development environment',
  level: 'info',
  timestamp: '2024-03-20T23:34:11.227Z'
}
{
  message: 'Listening on 3000, development environment',
  level: 'info',
  timestamp: '2024-03-20T23:35:02.581Z'
}
{
  message: 'Validation Error',
  err: { kind: 'UNPROCESSABLE_ENTITY', source: 'express-validator' },
  req: {
    path: 'POST /v1/credentials/login',
    body: {
      email: 'deneme2@deneme.com',
      password: '20ac1fa5d25e2170471c0c9d51450cbe9dbb53f973d89e0479614b6491e9917f'
    }
  },
  level: 'warn',
  timestamp: '2024-03-20T23:35:08.356Z'
}
{
  message: 'Listening on 3000, development environment',
  level: 'info',
  timestamp: '2024-03-20T23:35:20.250Z'
}
{
  message: 'Validation Error',
  err: { kind: 'UNPROCESSABLE_ENTITY', source: 'express-validator' },
  req: {
    path: 'POST /v1/credentials/login',
    body: {
      email: 'deneme2@deneme.com',
      password: '20ac1fa5d25e2170471c0c9d51450cbe9dbb53f973d89e0479614b6491e9917f'
    }
  },
  level: 'warn',
  timestamp: '2024-03-20T23:35:22.689Z'
}
{
  message: 'Validation Error',
  err: { kind: 'UNPROCESSABLE_ENTITY', source: 'express-validator' },
  req: {
    path: 'POST /v1/credentials/login',
    body: {
      email: '@denemeeneme.com',
      password: '20ac1fa5d25e2170471c0c9d51450cbe9dbb53f973d89e0479614b6491e9917f'
    }
  },
  level: 'warn',
  timestamp: '2024-03-20T23:35:31.024Z'
}
{
  message: 'Listening on 3000, development environment',
  level: 'info',
  timestamp: '2024-03-20T23:36:06.739Z'
}
{
  message: 'Validation Error',
  err: { kind: 'UNPROCESSABLE_ENTITY', source: 'express-validator' },
  req: {
    path: 'POST /v1/credentials/login',
    body: {
      email: '@denemeeneme.com',
      password: '20ac1fa5d25e2170471c0c9d51450cbe9dbb53f973d89e0479614b6491e9917f'
    }
  },
  level: 'warn',
  timestamp: '2024-03-20T23:36:06.830Z'
}
{
  message: 'Listening on 3000, development environment',
  level: 'info',
  timestamp: '2024-03-20T23:36:27.088Z'
}
{
  message: 'Validation Error',
  err: { kind: 'UNPROCESSABLE_ENTITY', source: 'express-validator' },
  req: {
    path: 'POST /v1/credentials/login',
    body: {
      email: '@denemeeneme.com',
      password: '20ac1fa5d25e2170471c0c9d51450cbe9dbb53f973d89e0479614b6491e9917f'
    }
  },
  level: 'warn',
  timestamp: '2024-03-20T23:36:28.592Z'
}
{
  message: 'Validation Error',
  err: { kind: 'UNPROCESSABLE_ENTITY', source: 'express-validator' },
  req: {
    path: 'POST /v1/credentials/login',
    body: {
      email: '@denemeeneme.com',
      password: '20ac1fa5d25e2170471c0c9d51450cbe9dbb53f973d89e0479614b6491e9917f'
    }
  },
  level: 'warn',
  timestamp: '2024-03-20T23:36:30.389Z'
}
{
  message: 'Listening on 3000, development environment',
  level: 'info',
  timestamp: '2024-03-20T23:36:34.839Z'
}
{
  message: 'Listening on 3000, development environment',
  level: 'info',
  timestamp: '2024-03-20T23:37:11.894Z'
}
{
  message: 'Listening on 3000, development environment',
  level: 'info',
  timestamp: '2024-03-20T23:37:14.442Z'
}
{
  message: 'Listening on 3000, development environment',
  level: 'info',
  timestamp: '2024-03-20T23:37:27.277Z'
}
{
  message: 'Validation Error',
  err: { kind: 'UNPROCESSABLE_ENTITY', source: 'express-validator' },
  req: {
    path: 'POST /v1/credentials/login',
    body: {
      email: '@denemeeneme.com',
      password: '20ac1fa5d25e2170471c0c9d51450cbe9dbb53f973d89e0479614b6491e9917f'
    }
  },
  level: 'warn',
  timestamp: '2024-03-20T23:37:28.266Z'
}
{
  message: 'Validation Error',
  err: { kind: 'UNPROCESSABLE_ENTITY', source: 'express-validator' },
  req: {
    path: 'POST /v1/credentials/login',
    body: {
      email: '@denemeeneme.com',
      password: '20ac1fa5d25e2170471c0c9d51450cbe9dbb53f973d89e0479614b6491e9917f'
    }
  },
  level: 'warn',
  timestamp: '2024-03-20T23:37:29.458Z'
}
{
  message: 'Listening on 3000, development environment',
  level: 'info',
  timestamp: '2024-03-20T23:38:30.999Z'
}
{
  message: 'Listening on 3000, development environment',
  level: 'info',
  timestamp: '2024-03-20T23:38:35.046Z'
}
{
  message: 'Listening on 3000, development environment',
  level: 'info',
  timestamp: '2024-03-20T23:38:48.430Z'
}
{
  message: 'Listening on 3000, development environment',
  level: 'info',
  timestamp: '2024-03-20T23:39:01.912Z'
}
{
  message: 'Listening on 3000, development environment',
  level: 'info',
  timestamp: '2024-03-20T23:39:15.948Z'
}
{
  message: 'Validation Error',
  err: { kind: 'UNPROCESSABLE_ENTITY', source: 'express-validator' },
  req: {
    path: 'POST /v1/credentials/login',
    body: {
      email: '@denemeeneme.com',
      password: '20ac1fa5d25e2170471c0c9d51450cbe9dbb53f973d89e0479614b6491e9917f'
    }
  },
  level: 'warn',
  timestamp: '2024-03-20T23:39:17.456Z'
}
{
  message: 'Listening on 3000, development environment',
  level: 'info',
  timestamp: '2024-03-20T23:40:27.229Z'
}
