{
  message: 'Listening on 3000, development environment',
  level: 'info',
  timestamp: '2024-03-21T00:00:58.845Z'
}
{
  message: 'Listening on 3000, development environment',
  level: 'info',
  timestamp: '2024-03-21T00:02:12.449Z'
}
{
  message: 'Listening on 3000, development environment',
  level: 'info',
  timestamp: '2024-03-21T00:02:29.060Z'
}
{
  message: 'Listening on 3000, development environment',
  level: 'info',
  timestamp: '2024-03-21T00:02:31.838Z'
}
{
  message: 'Listening on 3000, development environment',
  level: 'info',
  timestamp: '2024-03-21T00:07:10.922Z'
}
{
  message: 'Listening on 3000, development environment',
  level: 'info',
  timestamp: '2024-03-21T00:08:29.088Z'
}
{
  message: 'Listening on 3000, development environment',
  level: 'info',
  timestamp: '2024-03-21T00:10:01.271Z'
}
{
  message: 'Listening on 3000, development environment',
  level: 'info',
  timestamp: '2024-03-21T00:10:33.083Z'
}
{
  message: 'Listening on 3000, development environment',
  level: 'info',
  timestamp: '2024-03-21T00:10:54.331Z'
}
{
  message: 'Listening on 3000, development environment',
  level: 'info',
  timestamp: '2024-03-21T00:11:06.141Z'
}
{
  message: 'Listening on 3000, development environment',
  level: 'info',
  timestamp: '2024-03-21T00:12:44.396Z'
}
{
  message: 'Listening on 3000, development environment',
  level: 'info',
  timestamp: '2024-03-21T00:13:15.112Z'
}
{
  message: 'Listening on 3000, development environment',
  level: 'info',
  timestamp: '2024-03-21T00:14:01.891Z'
}
{
  message: 'Listening on 3000, development environment',
  level: 'info',
  timestamp: '2024-03-21T00:14:06.279Z'
}
{
  message: 'Listening on 3000, development environment',
  level: 'info',
  timestamp: '2024-03-21T00:14:33.192Z'
}
{
  message: 'Listening on 3000, development environment',
  level: 'info',
  timestamp: '2024-03-21T00:14:52.396Z'
}
{
  message: 'Listening on 3000, development environment',
  level: 'info',
  timestamp: '2024-03-21T00:15:27.213Z'
}
{
  message: 'Listening on 3000, development environment',
  level: 'info',
  timestamp: '2024-03-21T00:16:07.183Z'
}
{
  message: 'Validation Error',
  err: { kind: 'UNPROCESSABLE_ENTITY', source: 'express-validator' },
  req: {
    path: 'POST /v1/credentials/login',
    body: {
      email: '@denemeeneme.com',
      password: '20ac1fa5d25e2170471c0c9d51450cbe9dbb53f973d89e0479614b6491e9917f'
    }
  },
  level: 'warn',
  timestamp: '2024-03-21T00:16:11.563Z'
}
{
  message: 'Invalid credentials',
  err: { kind: 'FORBIDDEN', source: 'credentials.service.login' },
  req: {
    path: 'POST /v1/credentials/login',
    body: {
      email: 'deneme@deneme.com',
      password: 'b5666f081c2f08892154cfb7c2705ed5efa2dbf7c6126c741d49eeec6ffec8f2'
    }
  },
  level: 'warn',
  timestamp: '2024-03-21T00:16:21.412Z'
}
{
  message: 'Listening on 3000, development environment',
  level: 'info',
  timestamp: '2024-03-21T00:16:37.357Z'
}
{
  message: 'Listening on 3000, development environment',
  level: 'info',
  timestamp: '2024-03-21T00:18:55.593Z'
}
{
  message: 'Listening on 3000, development environment',
  level: 'info',
  timestamp: '2024-03-21T00:19:13.134Z'
}
{
  message: 'Listening on 3000, development environment',
  level: 'info',
  timestamp: '2024-03-21T18:20:52.169Z'
}
{
  message: 'Listening on 3000, development environment',
  level: 'info',
  timestamp: '2024-03-21T18:25:36.571Z'
}
{
  message: 'Listening on 3000, development environment',
  level: 'info',
  timestamp: '2024-03-21T18:27:13.944Z'
}
{
  message: 'Listening on 3000, development environment',
  level: 'info',
  timestamp: '2024-03-21T18:28:09.085Z'
}
{
  message: 'Listening on 3000, development environment',
  level: 'info',
  timestamp: '2024-03-21T18:40:49.372Z'
}
{
  message: 'Listening on 3000, development environment',
  level: 'info',
  timestamp: '2024-03-21T18:41:01.129Z'
}
{
  message: 'Listening on 3000, development environment',
  level: 'info',
  timestamp: '2024-03-21T18:41:07.535Z'
}
{
  message: 'Listening on 3000, development environment',
  level: 'info',
  timestamp: '2024-03-21T18:41:31.041Z'
}
{
  message: 'No authorization token was found',
  err: { kind: 'UNAUTHORIZED', source: 'express-jwt' },
  req: { path: 'GET /v1/feed/posts?page=2', query: { page: '2' } },
  level: 'warn',
  timestamp: '2024-03-21T18:41:38.469Z'
}
{
  message: 'Listening on 3000, development environment',
  level: 'info',
  timestamp: '2024-03-21T18:42:12.826Z'
}
{
  message: 'Listening on 3000, development environment',
  level: 'info',
  timestamp: '2024-03-21T18:42:19.259Z'
}
{
  message: 'Listening on 3000, development environment',
  level: 'info',
  timestamp: '2024-03-21T18:42:56.389Z'
}
{
  message: 'Listening on 3000, development environment',
  level: 'info',
  timestamp: '2024-03-21T18:43:13.014Z'
}
{
  message: 'Listening on 3000, development environment',
  level: 'info',
  timestamp: '2024-03-21T18:43:37.299Z'
}
{
  message: 'Listening on 3000, development environment',
  level: 'info',
  timestamp: '2024-03-21T18:44:46.965Z'
}
{
  message: 'Listening on 3000, development environment',
  level: 'info',
  timestamp: '2024-03-21T18:45:31.114Z'
}
{
  message: 'Listening on 3000, development environment',
  level: 'info',
  timestamp: '2024-03-21T18:45:37.726Z'
}
{
  message: 'Listening on 3000, development environment',
  level: 'info',
  timestamp: '2024-03-21T18:46:00.855Z'
}
{
  message: 'Listening on 3000, development environment',
  level: 'info',
  timestamp: '2024-03-21T18:46:50.769Z'
}
{
  message: 'Listening on 3000, development environment',
  level: 'info',
  timestamp: '2024-03-21T18:46:54.287Z'
}
{
  message: 'Listening on 3000, development environment',
  level: 'info',
  timestamp: '2024-03-21T18:47:26.709Z'
}
{
  message: 'Listening on 3000, development environment',
  level: 'info',
  timestamp: '2024-03-21T18:47:30.195Z'
}
{
  message: 'Listening on 3000, development environment',
  level: 'info',
  timestamp: '2024-03-21T18:49:12.571Z'
}
{
  message: 'Listening on 3000, development environment',
  level: 'info',
  timestamp: '2024-03-21T18:49:21.700Z'
}
{
  message: 'Listening on 3000, development environment',
  level: 'info',
  timestamp: '2024-03-21T18:49:23.954Z'
}
{
  message: 'Listening on 3000, development environment',
  level: 'info',
  timestamp: '2024-03-21T19:08:03.429Z'
}
{
  message: 'Listening on 3000, development environment',
  level: 'info',
  timestamp: '2024-03-21T19:09:12.200Z'
}
{
  message: 'Listening on 3000, development environment',
  level: 'info',
  timestamp: '2024-03-21T19:09:19.064Z'
}
{
  message: 'Listening on 3000, development environment',
  level: 'info',
  timestamp: '2024-03-21T19:09:33.566Z'
}
{
  message: 'Listening on 3000, development environment',
  level: 'info',
  timestamp: '2024-03-21T19:10:00.847Z'
}
{
  message: 'Listening on 3000, development environment',
  level: 'info',
  timestamp: '2024-03-21T19:10:37.539Z'
}
{
  message: 'Listening on 3000, development environment',
  level: 'info',
  timestamp: '2024-03-21T19:13:52.262Z'
}
{
  message: 'Listening on 3000, development environment',
  level: 'info',
  timestamp: '2024-03-21T19:14:05.241Z'
}
{
  message: 'Listening on 3000, development environment',
  level: 'info',
  timestamp: '2024-03-21T19:14:47.184Z'
}
{
  message: 'Listening on 3000, development environment',
  level: 'info',
  timestamp: '2024-03-21T19:14:55.554Z'
}
{
  message: 'Listening on 3000, development environment',
  level: 'info',
  timestamp: '2024-03-21T19:15:09.203Z'
}
{
  message: 'Listening on 3000, development environment',
  level: 'info',
  timestamp: '2024-03-21T19:23:02.864Z'
}
{
  message: 'Listening on 3000, development environment',
  level: 'info',
  timestamp: '2024-03-21T19:29:48.166Z'
}
{
  message: 'Listening on 3000, development environment',
  level: 'info',
  timestamp: '2024-03-21T19:29:51.959Z'
}
{
  message: 'Listening on 3000, development environment',
  level: 'info',
  timestamp: '2024-03-21T19:34:47.967Z'
}
{
  message: 'Listening on 3000, development environment',
  level: 'info',
  timestamp: '2024-03-21T19:49:48.594Z'
}
{
  message: 'Listening on 3000, development environment',
  level: 'info',
  timestamp: '2024-03-21T19:50:03.669Z'
}
{
  message: 'Listening on 3000, development environment',
  level: 'info',
  timestamp: '2024-03-21T19:50:16.784Z'
}
{
  message: 'Listening on 3000, development environment',
  level: 'info',
  timestamp: '2024-03-21T19:50:29.706Z'
}
{
  message: 'Listening on 3000, development environment',
  level: 'info',
  timestamp: '2024-03-21T19:50:53.308Z'
}
{
  message: 'Listening on 3000, development environment',
  level: 'info',
  timestamp: '2024-03-21T19:50:56.530Z'
}
{
  message: 'Listening on 3000, development environment',
  level: 'info',
  timestamp: '2024-03-21T19:51:47.527Z'
}
{
  message: 'Listening on 3000, development environment',
  level: 'info',
  timestamp: '2024-03-21T19:51:49.480Z'
}
{
  message: 'Listening on 3000, development environment',
  level: 'info',
  timestamp: '2024-03-21T19:52:07.590Z'
}
{
  message: 'Listening on 3000, development environment',
  level: 'info',
  timestamp: '2024-03-21T19:52:38.113Z'
}
{
  message: 'Listening on 3000, development environment',
  level: 'info',
  timestamp: '2024-03-21T19:56:22.069Z'
}
{
  message: 'Listening on 3000, development environment',
  level: 'info',
  timestamp: '2024-03-21T19:56:24.377Z'
}
{
  message: 'Listening on 3000, development environment',
  level: 'info',
  timestamp: '2024-03-21T19:57:32.248Z'
}
{
  message: 'Listening on 3000, development environment',
  level: 'info',
  timestamp: '2024-03-21T19:57:51.771Z'
}
{
  message: 'Listening on 3000, development environment',
  level: 'info',
  timestamp: '2024-03-21T19:57:59.256Z'
}
{
  message: 'Listening on 3000, development environment',
  level: 'info',
  timestamp: '2024-03-21T19:58:04.097Z'
}
{
  message: 'Listening on 3000, development environment',
  level: 'info',
  timestamp: '2024-03-21T19:58:11.258Z'
}
{
  message: 'Listening on 3000, development environment',
  level: 'info',
  timestamp: '2024-03-21T19:58:15.942Z'
}
{
  message: 'Listening on 3000, development environment',
  level: 'info',
  timestamp: '2024-03-21T19:58:22.526Z'
}
{
  message: 'Listening on 3000, development environment',
  level: 'info',
  timestamp: '2024-03-21T19:58:27.515Z'
}
{
  message: 'Listening on 3000, development environment',
  level: 'info',
  timestamp: '2024-03-21T19:58:34.715Z'
}
{
  message: 'Listening on 3000, development environment',
  level: 'info',
  timestamp: '2024-03-21T20:00:00.941Z'
}
{
  message: 'Listening on 3000, development environment',
  level: 'info',
  timestamp: '2024-03-21T20:00:25.226Z'
}
{
  message: 'Listening on 3000, development environment',
  level: 'info',
  timestamp: '2024-03-21T20:00:32.871Z'
}
{
  message: 'Listening on 3000, development environment',
  level: 'info',
  timestamp: '2024-03-21T20:01:02.331Z'
}
{
  message: 'Listening on 3000, development environment',
  level: 'info',
  timestamp: '2024-03-21T20:01:08.020Z'
}
{
  message: 'Listening on 3000, development environment',
  level: 'info',
  timestamp: '2024-03-21T20:01:10.185Z'
}
{
  message: 'Listening on 3000, development environment',
  level: 'info',
  timestamp: '2024-03-21T20:02:16.399Z'
}
{
  message: 'Listening on 3000, development environment',
  level: 'info',
  timestamp: '2024-03-21T20:04:25.358Z'
}
{
  message: 'Listening on 3000, development environment',
  level: 'info',
  timestamp: '2024-03-21T20:04:38.774Z'
}
{
  message: 'Listening on 3000, development environment',
  level: 'info',
  timestamp: '2024-03-21T20:05:11.065Z'
}
{
  message: 'Listening on 3000, development environment',
  level: 'info',
  timestamp: '2024-03-21T20:05:14.444Z'
}
{
  message: 'jwt is not defined',
  err: {
    kind: 'UNAUTHORIZED',
    source: 'at signUser (C:\\Users\\malpy\\Desktop\\Yeni klasör\\NodeJS-API\\app\\shared\\utils\\authorization.utils.js:8:34)'
  },
  req: {
    path: 'POST /v1/credentials/login',
    body: {
      email: 'deneme2@deneme.com',
      password: 'b5666f081c2f08892154cfb7c2705ed5efa2dbf7c6126c741d49eeec6ffec8f2'
    }
  },
  level: 'warn',
  timestamp: '2024-03-21T20:05:23.133Z'
}
{
  message: 'Listening on 3000, development environment',
  level: 'info',
  timestamp: '2024-03-21T20:05:29.445Z'
}
{
  message: 'Listening on 3000, development environment',
  level: 'info',
  timestamp: '2024-03-21T20:06:14.422Z'
}
