{
  message: 'Listening on 3000, development environment',
  level: 'info',
  timestamp: '2024-03-17T22:29:39.885Z'
}
{
  message: 'Listening on 3000, development environment',
  level: 'info',
  timestamp: '2024-03-17T22:29:59.897Z'
}
{
  message: 'Listening on 3000, development environment',
  level: 'info',
  timestamp: '2024-03-17T22:30:06.359Z'
}
{
  message: 'Listening on 3000, development environment',
  level: 'info',
  timestamp: '2024-03-17T22:30:11.318Z'
}
{
  message: 'Listening on 3000, development environment',
  level: 'info',
  timestamp: '2024-03-17T22:35:43.373Z'
}
{
  message: 'Listening on 3000, development environment',
  level: 'info',
  timestamp: '2024-03-17T22:36:43.856Z'
}
{
  message: 'Listening on 3000, development environment',
  level: 'info',
  timestamp: '2024-03-17T22:37:12.822Z'
}
{
  message: 'Listening on 3000, development environment',
  level: 'info',
  timestamp: '2024-03-17T22:37:54.760Z'
}
{
  message: 'Listening on 3000, development environment',
  level: 'info',
  timestamp: '2024-03-17T22:37:59.627Z'
}
{
  message: 'Listening on 3000, development environment',
  level: 'info',
  timestamp: '2024-03-17T22:39:00.393Z'
}
{
  message: 'Listening on 3000, development environment',
  level: 'info',
  timestamp: '2024-03-17T22:39:13.630Z'
}
{
  message: 'Listening on 3000, development environment',
  level: 'info',
  timestamp: '2024-03-17T22:39:20.588Z'
}
{
  message: 'Listening on 3000, development environment',
  level: 'info',
  timestamp: '2024-03-17T22:39:25.082Z'
}
{
  message: 'Listening on 3000, development environment',
  level: 'info',
  timestamp: '2024-03-17T22:39:31.299Z'
}
{
  message: 'Listening on 3000, development environment',
  level: 'info',
  timestamp: '2024-03-17T22:39:41.043Z'
}
{
  message: 'Listening on 3000, development environment',
  level: 'info',
  timestamp: '2024-03-17T22:39:47.965Z'
}
{
  message: 'Listening on 3000, development environment',
  level: 'info',
  timestamp: '2024-03-17T22:40:36.245Z'
}
{
  message: 'Listening on 3000, development environment',
  level: 'info',
  timestamp: '2024-03-17T22:40:54.690Z'
}
{
  message: 'Listening on 3000, development environment',
  level: 'info',
  timestamp: '2024-03-17T22:41:05.562Z'
}
{
  message: 'Listening on 3000, development environment',
  level: 'info',
  timestamp: '2024-03-17T22:41:53.978Z'
}
{
  message: 'Listening on 3000, development environment',
  level: 'info',
  timestamp: '2024-03-17T22:42:11.225Z'
}
{
  message: 'Listening on 3000, development environment',
  level: 'info',
  timestamp: '2024-03-17T22:42:24.008Z'
}
{
  message: 'Listening on 3000, development environment',
  level: 'info',
  timestamp: '2024-03-17T22:42:54.992Z'
}
{
  message: 'Listening on 3000, development environment',
  level: 'info',
  timestamp: '2024-03-17T22:43:13.519Z'
}
{
  message: 'Listening on 3000, development environment',
  level: 'info',
  timestamp: '2024-03-17T22:43:25.591Z'
}
{
  message: 'Listening on 3000, development environment',
  level: 'info',
  timestamp: '2024-03-17T22:44:33.684Z'
}
{
  message: 'Listening on 3000, development environment',
  level: 'info',
  timestamp: '2024-03-17T22:44:41.481Z'
}
{
  message: 'Listening on 3000, development environment',
  level: 'info',
  timestamp: '2024-03-17T22:44:54.204Z'
}
{
  message: 'Listening on 3000, development environment',
  level: 'info',
  timestamp: '2024-03-17T22:44:58.834Z'
}
{
  message: 'Listening on 3000, development environment',
  level: 'info',
  timestamp: '2024-03-17T22:45:09.876Z'
}
{
  message: 'Listening on 3000, development environment',
  level: 'info',
  timestamp: '2024-03-17T22:45:24.248Z'
}
{
  message: 'Listening on 3000, development environment',
  level: 'info',
  timestamp: '2024-03-17T22:45:34.096Z'
}
{
  message: 'Listening on 3000, development environment',
  level: 'info',
  timestamp: '2024-03-17T22:45:42.986Z'
}
{
  message: 'Listening on 3000, development environment',
  level: 'info',
  timestamp: '2024-03-17T22:47:04.861Z'
}
{
  message: 'Listening on 3000, development environment',
  level: 'info',
  timestamp: '2024-03-17T22:47:07.305Z'
}
{
  message: 'Listening on 3000, development environment',
  level: 'info',
  timestamp: '2024-03-17T22:47:16.415Z'
}
{
  message: 'Listening on 3000, development environment',
  level: 'info',
  timestamp: '2024-03-17T22:47:23.460Z'
}
{
  message: 'Listening on 3000, development environment',
  level: 'info',
  timestamp: '2024-03-17T22:47:33.978Z'
}
{
  message: 'Listening on 3000, development environment',
  level: 'info',
  timestamp: '2024-03-17T22:47:47.253Z'
}
{
  message: 'Listening on 3000, development environment',
  level: 'info',
  timestamp: '2024-03-17T22:48:02.026Z'
}
{
  message: 'Listening on 3000, development environment',
  level: 'info',
  timestamp: '2024-03-17T22:48:16.184Z'
}
{
  message: 'Listening on 3000, development environment',
  level: 'info',
  timestamp: '2024-03-17T22:48:22.995Z'
}
{
  message: 'Listening on 3000, development environment',
  level: 'info',
  timestamp: '2024-03-17T22:48:45.140Z'
}
{
  message: 'Listening on 3000, development environment',
  level: 'info',
  timestamp: '2024-03-17T22:48:50.034Z'
}
{
  message: 'Listening on 3000, development environment',
  level: 'info',
  timestamp: '2024-03-17T22:49:08.920Z'
}
{
  message: 'Listening on 3000, development environment',
  level: 'info',
  timestamp: '2024-03-17T22:49:13.626Z'
}
{
  message: 'Listening on 3000, development environment',
  level: 'info',
  timestamp: '2024-03-17T22:49:27.156Z'
}
{
  message: 'Listening on 3000, development environment',
  level: 'info',
  timestamp: '2024-03-17T22:49:56.542Z'
}
{
  message: 'Listening on 3000, development environment',
  level: 'info',
  timestamp: '2024-03-17T22:50:43.126Z'
}
{
  message: 'Listening on 3000, development environment',
  level: 'info',
  timestamp: '2024-03-17T22:50:59.219Z'
}
{
  message: 'Listening on 3000, development environment',
  level: 'info',
  timestamp: '2024-03-17T22:51:04.163Z'
}
{
  message: 'Listening on 3000, development environment',
  level: 'info',
  timestamp: '2024-03-17T22:52:09.360Z'
}
{
  message: 'API Key Required',
  err: { kind: 'UNAUTHORIZED', source: 'guardApiKey' },
  req: { path: 'POST /auth/login' },
  level: 'warn',
  timestamp: '2024-03-17T22:52:12.534Z'
}
{
  message: 'err is not defined',
  err: {
    kind: 'UNAUTHORIZED',
    source: 'at guardApiKey (C:\\Users\\malpy\\Desktop\\Yeni klasör\\NodeJS-API\\app\\middleware\\security.middleware.js:21:15)'
  },
  req: { path: 'POST /auth/login' },
  level: 'warn',
  timestamp: '2024-03-17T22:53:20.196Z'
}
{
  message: 'err is not defined',
  err: {
    kind: 'UNAUTHORIZED',
    source: 'at guardApiKey (C:\\Users\\malpy\\Desktop\\Yeni klasör\\NodeJS-API\\app\\middleware\\security.middleware.js:21:15)'
  },
  req: { path: 'POST /auth/login' },
  level: 'warn',
  timestamp: '2024-03-17T22:53:23.046Z'
}
{
  message: 'Listening on 3000, development environment',
  level: 'info',
  timestamp: '2024-03-17T22:53:47.124Z'
}
{
  message: 'err is not defined',
  err: {
    kind: 'UNAUTHORIZED',
    source: 'at guardApiKey (C:\\Users\\malpy\\Desktop\\Yeni klasör\\NodeJS-API\\app\\middleware\\security.middleware.js:22:15)'
  },
  req: { path: 'POST /auth/login' },
  level: 'warn',
  timestamp: '2024-03-17T22:53:48.220Z'
}
{
  message: 'Listening on 3000, development environment',
  level: 'info',
  timestamp: '2024-03-17T22:54:00.727Z'
}
{
  message: 'err is not defined',
  err: {
    kind: 'UNAUTHORIZED',
    source: 'at guardApiKey (C:\\Users\\malpy\\Desktop\\Yeni klasör\\NodeJS-API\\app\\middleware\\security.middleware.js:22:15)'
  },
  req: { path: 'POST /auth/login' },
  level: 'warn',
  timestamp: '2024-03-17T22:54:01.155Z'
}
{
  message: 'Listening on 3000, development environment',
  level: 'info',
  timestamp: '2024-03-17T22:54:13.781Z'
}
{
  message: 'err is not defined',
  err: {
    kind: 'UNAUTHORIZED',
    source: 'at guardApiKey (C:\\Users\\malpy\\Desktop\\Yeni klasör\\NodeJS-API\\app\\middleware\\security.middleware.js:22:15)'
  },
  req: { path: 'POST /auth/login' },
  level: 'warn',
  timestamp: '2024-03-17T22:54:15.188Z'
}
{
  message: 'Listening on 3000, development environment',
  level: 'info',
  timestamp: '2024-03-17T22:54:24.590Z'
}
{
  message: 'Listening on 3000, development environment',
  level: 'info',
  timestamp: '2024-03-17T22:54:36.553Z'
}
{
  message: 'Listening on 3000, development environment',
  level: 'info',
  timestamp: '2024-03-17T22:54:47.193Z'
}
{
  message: 'err is not defined',
  err: {
    kind: 'UNAUTHORIZED',
    source: 'at guardApiKey (C:\\Users\\malpy\\Desktop\\Yeni klasör\\NodeJS-API\\app\\middleware\\security.middleware.js:22:15)'
  },
  req: { path: 'POST /auth/login' },
  level: 'warn',
  timestamp: '2024-03-17T22:54:48.243Z'
}
{
  message: 'Listening on 3000, development environment',
  level: 'info',
  timestamp: '2024-03-17T22:54:57.705Z'
}
{
  message: 'err is not defined',
  err: {
    kind: 'UNAUTHORIZED',
    source: 'at guardApiKey (C:\\Users\\malpy\\Desktop\\Yeni klasör\\NodeJS-API\\app\\middleware\\security.middleware.js:22:15)'
  },
  req: { path: 'POST /auth/login' },
  level: 'warn',
  timestamp: '2024-03-17T22:55:02.539Z'
}
{
  message: 'Listening on 3000, development environment',
  level: 'info',
  timestamp: '2024-03-17T22:55:09.870Z'
}
{
  message: 'Listening on 3000, development environment',
  level: 'info',
  timestamp: '2024-03-17T22:55:39.199Z'
}
{
  message: 'Listening on 3000, development environment',
  level: 'info',
  timestamp: '2024-03-17T22:56:11.394Z'
}
{
  message: 'Listening on 3000, development environment',
  level: 'info',
  timestamp: '2024-03-17T22:56:17.190Z'
}
{
  message: 'Listening on 3000, development environment',
  level: 'info',
  timestamp: '2024-03-17T22:56:32.223Z'
}
{
  message: 'Listening on 3000, development environment',
  level: 'info',
  timestamp: '2024-03-17T22:56:43.270Z'
}
{
  message: 'Listening on 3000, development environment',
  level: 'info',
  timestamp: '2024-03-17T22:56:55.681Z'
}
{
  message: 'Listening on 3000, development environment',
  level: 'info',
  timestamp: '2024-03-17T22:57:29.687Z'
}
{
  message: 'Listening on 3000, development environment',
  level: 'info',
  timestamp: '2024-03-17T22:57:43.286Z'
}
{
  message: 'Listening on 3000, development environment',
  level: 'info',
  timestamp: '2024-03-17T22:58:01.164Z'
}
{
  message: 'Listening on 3000, development environment',
  level: 'info',
  timestamp: '2024-03-17T22:59:00.765Z'
}
{
  message: 'Listening on 3000, development environment',
  level: 'info',
  timestamp: '2024-03-17T22:59:05.719Z'
}
{
  message: 'Listening on 3000, development environment',
  level: 'info',
  timestamp: '2024-03-17T22:59:11.199Z'
}
{
  message: 'Listening on 3000, development environment',
  level: 'info',
  timestamp: '2024-03-17T22:59:13.412Z'
}
{
  message: 'Listening on 3000, development environment',
  level: 'info',
  timestamp: '2024-03-17T22:59:18.282Z'
}
{
  message: 'Listening on 3000, development environment',
  level: 'info',
  timestamp: '2024-03-17T22:59:31.128Z'
}
{
  message: 'Listening on 3000, development environment',
  level: 'info',
  timestamp: '2024-03-17T22:59:48.723Z'
}
{
  message: 'Listening on 3000, development environment',
  level: 'info',
  timestamp: '2024-03-17T23:00:50.559Z'
}
{
  message: 'Listening on 3000, development environment',
  level: 'info',
  timestamp: '2024-03-17T23:01:03.132Z'
}
{
  message: 'Listening on 3000, development environment',
  level: 'info',
  timestamp: '2024-03-17T23:01:13.619Z'
}
{
  message: 'Listening on 3000, development environment',
  level: 'info',
  timestamp: '2024-03-17T23:01:34.829Z'
}
{
  message: 'Listening on 3000, development environment',
  level: 'info',
  timestamp: '2024-03-17T23:01:39.418Z'
}
{
  message: 'Listening on 3000, development environment',
  level: 'info',
  timestamp: '2024-03-17T23:01:51.987Z'
}
{
  message: 'Listening on 3000, development environment',
  level: 'info',
  timestamp: '2024-03-17T23:02:06.873Z'
}
{
  message: 'Listening on 3000, development environment',
  level: 'info',
  timestamp: '2024-03-17T23:02:36.785Z'
}
{
  message: 'Listening on 3000, development environment',
  level: 'info',
  timestamp: '2024-03-17T23:03:06.771Z'
}
{
  message: 'Listening on 3000, development environment',
  level: 'info',
  timestamp: '2024-03-17T23:03:09.781Z'
}
{
  message: 'Listening on 3000, development environment',
  level: 'info',
  timestamp: '2024-03-17T23:03:47.128Z'
}
{
  message: 'Listening on 3000, development environment',
  level: 'info',
  timestamp: '2024-03-17T23:05:05.091Z'
}
{
  message: 'Listening on 3000, development environment',
  level: 'info',
  timestamp: '2024-03-17T23:05:07.806Z'
}
